GAS LISTING /tmp/ccktOoF9.s 			page 1


   1              		.file	"Riscv.cpp"
   2              		.option pic
   3              		.option norelax
   4              		.text
   5              	.Ltext0:
   6              		.align	2
   7              		.globl	_ZN5Riscv10popSppSpieEv
   9              	_ZN5Riscv10popSppSpieEv:
  10              	.LFB15:
  11              		.file 1 "src/Riscv.cpp"
   1:src/Riscv.cpp **** //
   2:src/Riscv.cpp **** // Created by os on 5/17/23.
   3:src/Riscv.cpp **** //
   4:src/Riscv.cpp **** 
   5:src/Riscv.cpp **** #include "../h/Riscv.hpp"
   6:src/Riscv.cpp **** 
   7:src/Riscv.cpp **** void Riscv::popSppSpie() {
  12              		.loc 1 7 26
  13              		.cfi_startproc
  14 0000 130101FF 		addi	sp,sp,-16
  15              		.cfi_def_cfa_offset 16
  16 0004 23348100 		sd	s0,8(sp)
  17              		.cfi_offset 8, -8
  18 0008 13040101 		addi	s0,sp,16
  19              		.cfi_def_cfa 8, 0
   8:src/Riscv.cpp **** 	//ra pokazuje iza ove funkcije na nastavak wrappera
   9:src/Riscv.cpp **** 	__asm__ volatile("csrw sepc, ra");
  20              		.loc 1 9 2
  21              		.loc 1 9 35 is_stmt 0
  22              	#APP
  23              	# 9 "src/Riscv.cpp" 1
  10              		__asm__ volatile("sret");
  24              		csrw sepc, ra
  25              	# 0 "" 2
  26              		.loc 1 10 2 is_stmt 1
  27              		.loc 1 10 26 is_stmt 0
  28              	# 10 "src/Riscv.cpp" 1
  11              	}...
  29              		sret
  30              	# 0 "" 2
  31              		.loc 1 11 1
  32              	#NO_APP
  33 0014 03348100 		ld	s0,8(sp)
  34              		.cfi_restore 8
  35              		.cfi_def_cfa 2, 16
  36 0018 13010101 		addi	sp,sp,16
  37              		.cfi_def_cfa_offset 0
  38 001c 67800000 		jr	ra
  39              		.cfi_endproc
  40              	.LFE15:
  42              	.Letext0:
  43              		.file 2 "src/../h/../lib/hw.h"
  44              		.file 3 "src/../h/Riscv.hpp"
GAS LISTING /tmp/ccktOoF9.s 			page 2


DEFINED SYMBOLS
                            *ABS*:0000000000000000 Riscv.cpp
     /tmp/ccktOoF9.s:9      .text:0000000000000000 _ZN5Riscv10popSppSpieEv
     /tmp/ccktOoF9.s:13     .text:0000000000000000 .L0 
     /tmp/ccktOoF9.s:14     .text:0000000000000000 .L0 
     /tmp/ccktOoF9.s:15     .text:0000000000000004 .L0 
     /tmp/ccktOoF9.s:17     .text:0000000000000008 .L0 
     /tmp/ccktOoF9.s:19     .text:000000000000000c .L0 
     /tmp/ccktOoF9.s:21     .text:000000000000000c .L0 
       src/Riscv.cpp:9      .text:000000000000000c .L0 
     /tmp/ccktOoF9.s:27     .text:0000000000000010 .L0 
       src/Riscv.cpp:10     .text:0000000000000010 .L0 
     /tmp/ccktOoF9.s:33     .text:0000000000000014 .L0 
     /tmp/ccktOoF9.s:34     .text:0000000000000018 .L0 
     /tmp/ccktOoF9.s:35     .text:0000000000000018 .L0 
     /tmp/ccktOoF9.s:37     .text:000000000000001c .L0 
     /tmp/ccktOoF9.s:39     .text:0000000000000020 .L0 
     /tmp/ccktOoF9.s:45     .text:0000000000000020 .L0 
     /tmp/ccktOoF9.s:356    .debug_abbrev:0000000000000000 .Ldebug_abbrev0
     /tmp/ccktOoF9.s:685    .debug_str:00000000000001d4 .LASF51
     /tmp/ccktOoF9.s:657    .debug_str:00000000000000df .LASF52
     /tmp/ccktOoF9.s:721    .debug_str:000000000000039d .LASF53
     /tmp/ccktOoF9.s:5      .text:0000000000000000 .Ltext0
     /tmp/ccktOoF9.s:42     .text:0000000000000020 .Letext0
     /tmp/ccktOoF9.s:623    .debug_line:0000000000000000 .Ldebug_line0
     /tmp/ccktOoF9.s:695    .debug_str:00000000000002cc .LASF0
     /tmp/ccktOoF9.s:673    .debug_str:000000000000015d .LASF1
     /tmp/ccktOoF9.s:665    .debug_str:0000000000000122 .LASF2
     /tmp/ccktOoF9.s:643    .debug_str:0000000000000087 .LASF4
     /tmp/ccktOoF9.s:669    .debug_str:0000000000000143 .LASF3
     /tmp/ccktOoF9.s:629    .debug_str:0000000000000026 .LASF5
     /tmp/ccktOoF9.s:627    .debug_str:0000000000000013 .LASF6
     /tmp/ccktOoF9.s:659    .debug_str:00000000000000ed .LASF7
     /tmp/ccktOoF9.s:707    .debug_str:000000000000031a .LASF8
     /tmp/ccktOoF9.s:641    .debug_str:0000000000000079 .LASF9
     /tmp/ccktOoF9.s:737    .debug_str:0000000000000417 .LASF10
     /tmp/ccktOoF9.s:663    .debug_str:0000000000000113 .LASF11
     /tmp/ccktOoF9.s:733    .debug_str:0000000000000400 .LASF12
     /tmp/ccktOoF9.s:713    .debug_str:0000000000000356 .LASF13
     /tmp/ccktOoF9.s:675    .debug_str:0000000000000170 .LASF14
     /tmp/ccktOoF9.s:653    .debug_str:00000000000000c3 .LASF15
     /tmp/ccktOoF9.s:709    .debug_str:000000000000032a .LASF16
     /tmp/ccktOoF9.s:655    .debug_str:00000000000000d9 .LASF54
     /tmp/ccktOoF9.s:683    .debug_str:00000000000001c9 .LASF17
     /tmp/ccktOoF9.s:725    .debug_str:00000000000003c6 .LASF19
     /tmp/ccktOoF9.s:647    .debug_str:00000000000000a3 .LASF18
     /tmp/ccktOoF9.s:681    .debug_str:00000000000001ae .LASF20
     /tmp/ccktOoF9.s:715    .debug_str:0000000000000366 .LASF21
     /tmp/ccktOoF9.s:677    .debug_str:000000000000017c .LASF22
     /tmp/ccktOoF9.s:687    .debug_str:0000000000000298 .LASF23
     /tmp/ccktOoF9.s:631    .debug_str:000000000000002d .LASF25
     /tmp/ccktOoF9.s:689    .debug_str:00000000000002a1 .LASF27
     /tmp/ccktOoF9.s:645    .debug_str:000000000000008e .LASF29
     /tmp/ccktOoF9.s:701    .debug_str:00000000000002ec .LASF24
     /tmp/ccktOoF9.s:667    .debug_str:0000000000000130 .LASF26
     /tmp/ccktOoF9.s:651    .debug_str:00000000000000bc .LASF28
     /tmp/ccktOoF9.s:661    .debug_str:0000000000000100 .LASF30
GAS LISTING /tmp/ccktOoF9.s 			page 3


     /tmp/ccktOoF9.s:697    .debug_str:00000000000002d9 .LASF31
     /tmp/ccktOoF9.s:719    .debug_str:0000000000000389 .LASF32
     /tmp/ccktOoF9.s:671    .debug_str:0000000000000155 .LASF33
     /tmp/ccktOoF9.s:705    .debug_str:0000000000000306 .LASF34
     /tmp/ccktOoF9.s:735    .debug_str:0000000000000410 .LASF35
     /tmp/ccktOoF9.s:625    .debug_str:0000000000000000 .LASF36
     /tmp/ccktOoF9.s:633    .debug_str:0000000000000042 .LASF37
     /tmp/ccktOoF9.s:703    .debug_str:00000000000002f3 .LASF38
     /tmp/ccktOoF9.s:731    .debug_str:00000000000003fa .LASF39
     /tmp/ccktOoF9.s:635    .debug_str:0000000000000049 .LASF40
     /tmp/ccktOoF9.s:639    .debug_str:0000000000000073 .LASF41
     /tmp/ccktOoF9.s:729    .debug_str:00000000000003e8 .LASF42
     /tmp/ccktOoF9.s:723    .debug_str:00000000000003bb .LASF43
     /tmp/ccktOoF9.s:693    .debug_str:00000000000002b4 .LASF44
     /tmp/ccktOoF9.s:649    .debug_str:00000000000000b1 .LASF45
     /tmp/ccktOoF9.s:679    .debug_str:0000000000000196 .LASF46
     /tmp/ccktOoF9.s:691    .debug_str:00000000000002aa .LASF47
     /tmp/ccktOoF9.s:711    .debug_str:0000000000000340 .LASF48
     /tmp/ccktOoF9.s:727    .debug_str:00000000000003de .LASF49
     /tmp/ccktOoF9.s:717    .debug_str:0000000000000373 .LASF50
     /tmp/ccktOoF9.s:699    .debug_str:00000000000002e1 .LASF55
     /tmp/ccktOoF9.s:637    .debug_str:000000000000005b .LASF56
     /tmp/ccktOoF9.s:10     .text:0000000000000000 .LFB15
     /tmp/ccktOoF9.s:40     .text:0000000000000020 .LFE15
     /tmp/ccktOoF9.s:46     .debug_info:0000000000000000 .Ldebug_info0

NO UNDEFINED SYMBOLS
