GAS LISTING /tmp/cciHNUrf.s 			page 1


   1              		.file	"riscv.cpp"
   2              		.option pic
   3              		.option norelax
   4              		.text
   5              	.Ltext0:
   6              	.Letext0:
   7              		.file 1 "src/../h/../lib/hw.h"
GAS LISTING /tmp/cciHNUrf.s 			page 2


DEFINED SYMBOLS
                            *ABS*:0000000000000000 riscv.cpp
     /tmp/cciHNUrf.s:130    .debug_abbrev:0000000000000000 .Ldebug_abbrev0
     /tmp/cciHNUrf.s:282    .debug_str:00000000000000a6 .LASF17
     /tmp/cciHNUrf.s:286    .debug_str:0000000000000177 .LASF18
     /tmp/cciHNUrf.s:294    .debug_str:00000000000001bb .LASF19
     /tmp/cciHNUrf.s:258    .debug_line:0000000000000000 .Ldebug_line0
     /tmp/cciHNUrf.s:284    .debug_str:000000000000016a .LASF0
     /tmp/cciHNUrf.s:278    .debug_str:0000000000000087 .LASF1
     /tmp/cciHNUrf.s:274    .debug_str:0000000000000067 .LASF2
     /tmp/cciHNUrf.s:266    .debug_str:0000000000000028 .LASF4
     /tmp/cciHNUrf.s:276    .debug_str:0000000000000075 .LASF3
     /tmp/cciHNUrf.s:262    .debug_str:0000000000000013 .LASF5
     /tmp/cciHNUrf.s:260    .debug_str:0000000000000000 .LASF6
     /tmp/cciHNUrf.s:270    .debug_str:0000000000000045 .LASF7
     /tmp/cciHNUrf.s:288    .debug_str:0000000000000185 .LASF8
     /tmp/cciHNUrf.s:264    .debug_str:000000000000001a .LASF9
     /tmp/cciHNUrf.s:298    .debug_str:00000000000001e9 .LASF10
     /tmp/cciHNUrf.s:272    .debug_str:0000000000000058 .LASF11
     /tmp/cciHNUrf.s:296    .debug_str:00000000000001d9 .LASF12
     /tmp/cciHNUrf.s:292    .debug_str:00000000000001ab .LASF13
     /tmp/cciHNUrf.s:280    .debug_str:000000000000009a .LASF14
     /tmp/cciHNUrf.s:268    .debug_str:000000000000002f .LASF15
     /tmp/cciHNUrf.s:290    .debug_str:0000000000000195 .LASF16
     /tmp/cciHNUrf.s:9      .debug_info:0000000000000000 .Ldebug_info0

NO UNDEFINED SYMBOLS
