GAS LISTING /tmp/ccm1TGff.s 			page 1


   1              		.file	"helper.cpp"
   2              		.option pic
   3              		.option norelax
   4              		.text
   5              	.Ltext0:
   6              	.Letext0:
   7              		.file 1 "visak/../lib/hw.h"
   8              		.file 2 "visak/../h/syscall_c.hpp"
GAS LISTING /tmp/ccm1TGff.s 			page 2


DEFINED SYMBOLS
                            *ABS*:0000000000000000 helper.cpp
     /tmp/ccm1TGff.s:144    .debug_abbrev:0000000000000000 .Ldebug_abbrev0
     /tmp/ccm1TGff.s:326    .debug_str:00000000000000b7 .LASF17
     /tmp/ccm1TGff.s:312    .debug_str:0000000000000045 .LASF18
     /tmp/ccm1TGff.s:336    .debug_str:00000000000001be .LASF19
     /tmp/ccm1TGff.s:300    .debug_line:0000000000000000 .Ldebug_line0
     /tmp/ccm1TGff.s:328    .debug_str:000000000000017b .LASF0
     /tmp/ccm1TGff.s:322    .debug_str:0000000000000098 .LASF1
     /tmp/ccm1TGff.s:318    .debug_str:0000000000000078 .LASF2
     /tmp/ccm1TGff.s:308    .debug_str:0000000000000028 .LASF4
     /tmp/ccm1TGff.s:320    .debug_str:0000000000000086 .LASF3
     /tmp/ccm1TGff.s:304    .debug_str:0000000000000013 .LASF5
     /tmp/ccm1TGff.s:302    .debug_str:0000000000000000 .LASF6
     /tmp/ccm1TGff.s:314    .debug_str:0000000000000056 .LASF7
     /tmp/ccm1TGff.s:330    .debug_str:0000000000000188 .LASF8
     /tmp/ccm1TGff.s:306    .debug_str:000000000000001a .LASF9
     /tmp/ccm1TGff.s:340    .debug_str:00000000000001ec .LASF10
     /tmp/ccm1TGff.s:316    .debug_str:0000000000000069 .LASF11
     /tmp/ccm1TGff.s:338    .debug_str:00000000000001dc .LASF12
     /tmp/ccm1TGff.s:334    .debug_str:00000000000001ae .LASF13
     /tmp/ccm1TGff.s:324    .debug_str:00000000000000ab .LASF14
     /tmp/ccm1TGff.s:310    .debug_str:000000000000002f .LASF15
     /tmp/ccm1TGff.s:332    .debug_str:0000000000000198 .LASF16
     /tmp/ccm1TGff.s:10     .debug_info:0000000000000000 .Ldebug_info0

NO UNDEFINED SYMBOLS
