GAS LISTING /tmp/ccc5voKR.s 			page 1


   1              		.file	"maincpp.cpp"
   2              		.option pic
   3              		.option norelax
   4              		.text
   5              	.Ltext0:
   6              		.section	.text._ZN10IdleThread3runEv,"axG",@progbits,_ZN10IdleThread3runEv,comdat
   7              		.align	2
   8              		.weak	_ZN10IdleThread3runEv
  10              	_ZN10IdleThread3runEv:
  11              	.LFB54:
  12              		.file 1 "visak/maincpp.cpp"
   1:visak/maincpp.cpp **** //
   2:visak/maincpp.cpp **** // Created by os on 6/27/23.
   3:visak/maincpp.cpp **** //
   4:visak/maincpp.cpp **** #include "../lib/hw.h"
   5:visak/maincpp.cpp **** #include "../h/Riscv.hpp"
   6:visak/maincpp.cpp **** #include "../h/KMemory.hpp"
   7:visak/maincpp.cpp **** #include "../h/KConsole.hpp"
   8:visak/maincpp.cpp **** #include "../h/TCB.hpp"
   9:visak/maincpp.cpp **** #include "../h/syscall_c.hpp"
  10:visak/maincpp.cpp **** #include "../h/syscall_cpp.hpp"
  11:visak/maincpp.cpp **** 
  12:visak/maincpp.cpp **** class IdleThread : public Thread {
  13:visak/maincpp.cpp ****     void run() override {
  13              		.loc 1 13 10
  14              		.cfi_startproc
  15              	.LVL0:
  16 0000 130101FF 		addi	sp,sp,-16
  17              		.cfi_def_cfa_offset 16
  18 0004 23341100 		sd	ra,8(sp)
  19 0008 23308100 		sd	s0,0(sp)
  20              		.cfi_offset 1, -8
  21              		.cfi_offset 8, -16
  22 000c 13040101 		addi	s0,sp,16
  23              		.cfi_def_cfa 8, 0
  24              	.LVL1:
  25              	.L2:
  14:visak/maincpp.cpp ****         while (1) { thread_dispatch(); }
  26              		.loc 1 14 9 discriminator 1
  27              		.loc 1 14 21 discriminator 1
  28              		.loc 1 14 36 is_stmt 0 discriminator 1
  29 0010 97000000 		call	_Z15thread_dispatchv@plt
  29      E7800000 
  30              	.LVL2:
  31              		.loc 1 14 9 is_stmt 1 discriminator 1
  32 0018 6FF09FFF 		j	.L2
  33              		.cfi_endproc
  34              	.LFE54:
  36              		.section	.text._ZN10IdleThreadD2Ev,"axG",@progbits,_ZN10IdleThreadD5Ev,comdat
  37              		.align	2
  38              		.weak	_ZN10IdleThreadD2Ev
  40              	_ZN10IdleThreadD2Ev:
  41              	.LFB68:
  12:visak/maincpp.cpp ****     void run() override {
  42              		.loc 1 12 7
  43              		.cfi_startproc
  44              	.LVL3:
GAS LISTING /tmp/ccc5voKR.s 			page 2


  45 0000 130101FF 		addi	sp,sp,-16
  46              		.cfi_def_cfa_offset 16
  47 0004 23341100 		sd	ra,8(sp)
  48 0008 23308100 		sd	s0,0(sp)
  49              		.cfi_offset 1, -8
  50              		.cfi_offset 8, -16
  51 000c 13040101 		addi	s0,sp,16
  52              		.cfi_def_cfa 8, 0
  53              	.LBB31:
  12:visak/maincpp.cpp ****     void run() override {
  54              		.loc 1 12 7 is_stmt 0
  55 0010 97070000 		lla	a5,_ZTV10IdleThread+16
  55      93870700 
  56 0018 2330F500 		sd	a5,0(a0)
  57 001c 97000000 		call	_ZN6ThreadD2Ev@plt
  57      E7800000 
  58              	.LVL4:
  59              	.LBE31:
  60 0024 83308100 		ld	ra,8(sp)
  61              		.cfi_restore 1
  62 0028 03340100 		ld	s0,0(sp)
  63              		.cfi_restore 8
  64              		.cfi_def_cfa 2, 16
  65 002c 13010101 		addi	sp,sp,16
  66              		.cfi_def_cfa_offset 0
  67 0030 67800000 		jr	ra
  68              		.cfi_endproc
  69              	.LFE68:
  71              		.weak	_ZN10IdleThreadD1Ev
  72              		.set	_ZN10IdleThreadD1Ev,_ZN10IdleThreadD2Ev
  73              		.section	.text._ZN10IdleThreadD0Ev,"axG",@progbits,_ZN10IdleThreadD5Ev,comdat
  74              		.align	2
  75              		.weak	_ZN10IdleThreadD0Ev
  77              	_ZN10IdleThreadD0Ev:
  78              	.LFB70:
  12:visak/maincpp.cpp ****     void run() override {
  79              		.loc 1 12 7 is_stmt 1
  80              		.cfi_startproc
  81              	.LVL5:
  82 0000 130101FE 		addi	sp,sp,-32
  83              		.cfi_def_cfa_offset 32
  84 0004 233C1100 		sd	ra,24(sp)
  85 0008 23388100 		sd	s0,16(sp)
  86 000c 23349100 		sd	s1,8(sp)
  87              		.cfi_offset 1, -8
  88              		.cfi_offset 8, -16
  89              		.cfi_offset 9, -24
  90 0010 13040102 		addi	s0,sp,32
  91              		.cfi_def_cfa 8, 0
  92 0014 93040500 		mv	s1,a0
  93              	.LVL6:
  94              	.LBB32:
  95              	.LBB33:
  12:visak/maincpp.cpp ****     void run() override {
  96              		.loc 1 12 7 is_stmt 0
  97 0018 97070000 		lla	a5,_ZTV10IdleThread+16
  97      93870700 
GAS LISTING /tmp/ccc5voKR.s 			page 3


  98 0020 2330F500 		sd	a5,0(a0)
  99 0024 97000000 		call	_ZN6ThreadD2Ev@plt
  99      E7800000 
 100              	.LVL7:
 101              	.LBE33:
 102              	.LBE32:
 103 002c 13850400 		mv	a0,s1
 104 0030 97000000 		call	_ZdlPv@plt
 104      E7800000 
 105              	.LVL8:
 106 0038 83308101 		ld	ra,24(sp)
 107              		.cfi_restore 1
 108 003c 03340101 		ld	s0,16(sp)
 109              		.cfi_restore 8
 110              		.cfi_def_cfa 2, 32
 111 0040 83348100 		ld	s1,8(sp)
 112              		.cfi_restore 9
 113              	.LVL9:
 114 0044 13010102 		addi	sp,sp,32
 115              		.cfi_def_cfa_offset 0
 116 0048 67800000 		jr	ra
 117              		.cfi_endproc
 118              	.LFE70:
 120              		.section	.text._ZN14KernelConsumerD2Ev,"axG",@progbits,_ZN14KernelConsumerD5Ev,comdat
 121              		.align	2
 122              		.weak	_ZN14KernelConsumerD2Ev
 124              	_ZN14KernelConsumerD2Ev:
 125              	.LFB64:
  15:visak/maincpp.cpp ****     }
  16:visak/maincpp.cpp **** };
  17:visak/maincpp.cpp **** 
  18:visak/maincpp.cpp **** class KernelConsumer : public Thread {
 126              		.loc 1 18 7 is_stmt 1
 127              		.cfi_startproc
 128              	.LVL10:
 129 0000 130101FF 		addi	sp,sp,-16
 130              		.cfi_def_cfa_offset 16
 131 0004 23341100 		sd	ra,8(sp)
 132 0008 23308100 		sd	s0,0(sp)
 133              		.cfi_offset 1, -8
 134              		.cfi_offset 8, -16
 135 000c 13040101 		addi	s0,sp,16
 136              		.cfi_def_cfa 8, 0
 137              	.LBB34:
 138              		.loc 1 18 7 is_stmt 0
 139 0010 97070000 		lla	a5,_ZTV14KernelConsumer+16
 139      93870700 
 140 0018 2330F500 		sd	a5,0(a0)
 141 001c 97000000 		call	_ZN6ThreadD2Ev@plt
 141      E7800000 
 142              	.LVL11:
 143              	.LBE34:
 144 0024 83308100 		ld	ra,8(sp)
 145              		.cfi_restore 1
 146 0028 03340100 		ld	s0,0(sp)
 147              		.cfi_restore 8
 148              		.cfi_def_cfa 2, 16
GAS LISTING /tmp/ccc5voKR.s 			page 4


 149 002c 13010101 		addi	sp,sp,16
 150              		.cfi_def_cfa_offset 0
 151 0030 67800000 		jr	ra
 152              		.cfi_endproc
 153              	.LFE64:
 155              		.weak	_ZN14KernelConsumerD1Ev
 156              		.set	_ZN14KernelConsumerD1Ev,_ZN14KernelConsumerD2Ev
 157              		.section	.text._ZN14KernelConsumerD0Ev,"axG",@progbits,_ZN14KernelConsumerD5Ev,comdat
 158              		.align	2
 159              		.weak	_ZN14KernelConsumerD0Ev
 161              	_ZN14KernelConsumerD0Ev:
 162              	.LFB66:
 163              		.loc 1 18 7 is_stmt 1
 164              		.cfi_startproc
 165              	.LVL12:
 166 0000 130101FE 		addi	sp,sp,-32
 167              		.cfi_def_cfa_offset 32
 168 0004 233C1100 		sd	ra,24(sp)
 169 0008 23388100 		sd	s0,16(sp)
 170 000c 23349100 		sd	s1,8(sp)
 171              		.cfi_offset 1, -8
 172              		.cfi_offset 8, -16
 173              		.cfi_offset 9, -24
 174 0010 13040102 		addi	s0,sp,32
 175              		.cfi_def_cfa 8, 0
 176 0014 93040500 		mv	s1,a0
 177              	.LVL13:
 178              	.LBB35:
 179              	.LBB36:
 180              		.loc 1 18 7 is_stmt 0
 181 0018 97070000 		lla	a5,_ZTV14KernelConsumer+16
 181      93870700 
 182 0020 2330F500 		sd	a5,0(a0)
 183 0024 97000000 		call	_ZN6ThreadD2Ev@plt
 183      E7800000 
 184              	.LVL14:
 185              	.LBE36:
 186              	.LBE35:
 187 002c 13850400 		mv	a0,s1
 188 0030 97000000 		call	_ZdlPv@plt
 188      E7800000 
 189              	.LVL15:
 190 0038 83308101 		ld	ra,24(sp)
 191              		.cfi_restore 1
 192 003c 03340101 		ld	s0,16(sp)
 193              		.cfi_restore 8
 194              		.cfi_def_cfa 2, 32
 195 0040 83348100 		ld	s1,8(sp)
 196              		.cfi_restore 9
 197              	.LVL16:
 198 0044 13010102 		addi	sp,sp,32
 199              		.cfi_def_cfa_offset 0
 200 0048 67800000 		jr	ra
 201              		.cfi_endproc
 202              	.LFE66:
 204              		.section	.text._ZN14KernelConsumer3runEv,"axG",@progbits,_ZN14KernelConsumer3runEv,comdat
 205              		.align	2
GAS LISTING /tmp/ccc5voKR.s 			page 5


 206              		.weak	_ZN14KernelConsumer3runEv
 208              	_ZN14KernelConsumer3runEv:
 209              	.LFB55:
  19:visak/maincpp.cpp ****     void run() override {
 210              		.loc 1 19 10 is_stmt 1
 211              		.cfi_startproc
 212              	.LVL17:
 213 0000 130101FF 		addi	sp,sp,-16
 214              		.cfi_def_cfa_offset 16
 215 0004 23341100 		sd	ra,8(sp)
 216 0008 23308100 		sd	s0,0(sp)
 217              		.cfi_offset 1, -8
 218              		.cfi_offset 8, -16
 219 000c 13040101 		addi	s0,sp,16
 220              		.cfi_def_cfa 8, 0
 221 0010 6F008002 		j	.L14
 222              	.LVL18:
 223              	.L16:
 224              	.LBB37:
  20:visak/maincpp.cpp ****         while (1) {
  21:visak/maincpp.cpp ****             char c = KConsole::getFromOutput();
  22:visak/maincpp.cpp ****             while (!(KConsole::getSRvalue() & CONSOLE_TX_STATUS_BIT)) {}
  23:visak/maincpp.cpp ****             KConsole::setDRvalue(c);
 225              		.loc 1 23 13
 226              	.LBB38:
 227              	.LBB39:
 228              		.file 2 "visak/../h/KConsole.hpp"
   1:visak/../h/KConsole.hpp **** //
   2:visak/../h/KConsole.hpp **** // Created by os on 6/7/23.
   3:visak/../h/KConsole.hpp **** //
   4:visak/../h/KConsole.hpp **** 
   5:visak/../h/KConsole.hpp **** #ifndef PROJEKAT2023_KCONSOLE_HPP
   6:visak/../h/KConsole.hpp **** #define PROJEKAT2023_KCONSOLE_HPP
   7:visak/../h/KConsole.hpp **** 
   8:visak/../h/KConsole.hpp **** #include "../lib/hw.h"
   9:visak/../h/KConsole.hpp **** 
  10:visak/../h/KConsole.hpp **** class KSem;
  11:visak/../h/KConsole.hpp **** 
  12:visak/../h/KConsole.hpp **** typedef KSem* sem_t;
  13:visak/../h/KConsole.hpp **** 
  14:visak/../h/KConsole.hpp **** class KConsole {
  15:visak/../h/KConsole.hpp **** public:
  16:visak/../h/KConsole.hpp ****     static void initKConsole();
  17:visak/../h/KConsole.hpp **** 
  18:visak/../h/KConsole.hpp ****     //stavlja karakter u izlazni bafer konzole
  19:visak/../h/KConsole.hpp ****     static void kputc(char c);
  20:visak/../h/KConsole.hpp **** 
  21:visak/../h/KConsole.hpp ****     //uzima karakter iz ulaznog bafera konzole
  22:visak/../h/KConsole.hpp ****     static char kgetc();
  23:visak/../h/KConsole.hpp **** 
  24:visak/../h/KConsole.hpp ****     //vraca karakter iz izlaznog bafera; ako je bafer prazan, blokira se dok se ne napuni
  25:visak/../h/KConsole.hpp ****     static char getFromOutput();
  26:visak/../h/KConsole.hpp **** 
  27:visak/../h/KConsole.hpp ****     //stavlja karakter u ulazni bafer; ako je bafer pun, ignorise se
  28:visak/../h/KConsole.hpp ****     static void placeInInput(char c);
  29:visak/../h/KConsole.hpp **** 
  30:visak/../h/KConsole.hpp ****     //ispis svih preostalih karaktera u izlaznom baferu
GAS LISTING /tmp/ccc5voKR.s 			page 6


  31:visak/../h/KConsole.hpp ****     static void flush() {
  32:visak/../h/KConsole.hpp ****         __asm__ volatile("li a0, 0x43");
  33:visak/../h/KConsole.hpp ****         __asm__ volatile("ecall");
  34:visak/../h/KConsole.hpp ****     }
  35:visak/../h/KConsole.hpp **** 
  36:visak/../h/KConsole.hpp ****     static uint8 getSRvalue() { return *sr; }
  37:visak/../h/KConsole.hpp **** 
  38:visak/../h/KConsole.hpp ****     static uint8 getDRvalue() { return *dr; }
  39:visak/../h/KConsole.hpp **** 
  40:visak/../h/KConsole.hpp ****     static void setDRvalue(char c) { *dr = c; }
 229              		.loc 2 40 38
 230 0014 97070000 		la	a5,_ZN8KConsole2drE
 230      83B70700 
 231 001c 83B70700 		ld	a5,0(a5)
 232              		.loc 2 40 42 is_stmt 0
 233 0020 2380A700 		sb	a0,0(a5)
 234              	.LVL19:
 235              	.LBE39:
 236              	.LBE38:
  24:visak/maincpp.cpp ****             sem_signal(KConsole::getOutputBufferHasSpace());
 237              		.loc 1 24 13 is_stmt 1
 238              	.LBB40:
 239              	.LBB41:
  41:visak/../h/KConsole.hpp **** 
  42:visak/../h/KConsole.hpp ****     static sem_t getOutputBufferHasSpace() { return outputBufferHasSpace; }
 240              		.loc 2 42 46
 241              	.LBE41:
 242              	.LBE40:
 243              		.loc 1 24 23 is_stmt 0
 244 0024 97070000 		la	a5,_ZN8KConsole20outputBufferHasSpaceE
 244      83B70700 
 245 002c 03B50700 		ld	a0,0(a5)
 246              	.LVL20:
 247 0030 97000000 		call	_Z10sem_signalP4KSem@plt
 247      E7800000 
 248              	.LVL21:
 249              	.LBE37:
  20:visak/maincpp.cpp ****             char c = KConsole::getFromOutput();
 250              		.loc 1 20 9 is_stmt 1
 251              	.L14:
  20:visak/maincpp.cpp ****             char c = KConsole::getFromOutput();
 252              		.loc 1 20 9
 253              	.LBB44:
  21:visak/maincpp.cpp ****             while (!(KConsole::getSRvalue() & CONSOLE_TX_STATUS_BIT)) {}
 254              		.loc 1 21 13
  21:visak/maincpp.cpp ****             while (!(KConsole::getSRvalue() & CONSOLE_TX_STATUS_BIT)) {}
 255              		.loc 1 21 45 is_stmt 0
 256 0038 97000000 		call	_ZN8KConsole13getFromOutputEv@plt
 256      E7800000 
 257              	.LVL22:
 258              	.L13:
  22:visak/maincpp.cpp ****             KConsole::setDRvalue(c);
 259              		.loc 1 22 13 is_stmt 1
  22:visak/maincpp.cpp ****             KConsole::setDRvalue(c);
 260              		.loc 1 22 20
 261              	.LBB42:
 262              	.LBB43:
GAS LISTING /tmp/ccc5voKR.s 			page 7


  36:visak/../h/KConsole.hpp **** 
 263              		.loc 2 36 33
  36:visak/../h/KConsole.hpp **** 
 264              		.loc 2 36 40 is_stmt 0
 265 0040 97070000 		la	a5,_ZN8KConsole2srE
 265      83B70700 
 266 0048 83B70700 		ld	a5,0(a5)
  36:visak/../h/KConsole.hpp **** 
 267              		.loc 2 36 41
 268 004c 83C70700 		lbu	a5,0(a5)
 269              	.LBE43:
 270              	.LBE42:
  22:visak/maincpp.cpp ****             KConsole::setDRvalue(c);
 271              		.loc 1 22 20
 272 0050 93F70702 		andi	a5,a5,32
 273 0054 E38607FE 		beqz	a5,.L13
 274 0058 6FF0DFFB 		j	.L16
 275              	.LBE44:
 276              		.cfi_endproc
 277              	.LFE55:
 279              		.text
 280              		.align	2
 281              		.globl	_Z7maincppv
 283              	_Z7maincppv:
 284              	.LFB56:
  25:visak/maincpp.cpp ****         }
  26:visak/maincpp.cpp ****     }
  27:visak/maincpp.cpp **** };
  28:visak/maincpp.cpp **** 
  29:visak/maincpp.cpp **** extern "C" void interruptHandler();
  30:visak/maincpp.cpp **** 
  31:visak/maincpp.cpp **** void userMain();
  32:visak/maincpp.cpp **** 
  33:visak/maincpp.cpp **** void user(void*);
  34:visak/maincpp.cpp **** void user2(void*);
  35:visak/maincpp.cpp **** int maincpp() {
 285              		.loc 1 35 15 is_stmt 1
 286              		.cfi_startproc
 287              		.cfi_personality 0x9b,DW.ref.__gxx_personality_v0
 288              		.cfi_lsda 0x1b,.LLSDA56
 289 0000 130101FC 		addi	sp,sp,-64
 290              		.cfi_def_cfa_offset 64
 291 0004 233C1102 		sd	ra,56(sp)
 292 0008 23388102 		sd	s0,48(sp)
 293 000c 23349102 		sd	s1,40(sp)
 294 0010 23302103 		sd	s2,32(sp)
 295 0014 233C3101 		sd	s3,24(sp)
 296              		.cfi_offset 1, -8
 297              		.cfi_offset 8, -16
 298              		.cfi_offset 9, -24
 299              		.cfi_offset 18, -32
 300              		.cfi_offset 19, -40
 301 0018 13040104 		addi	s0,sp,64
 302              		.cfi_def_cfa 8, 0
  36:visak/maincpp.cpp ****     //postavljanje adrese prekidne rutine u stvec
  37:visak/maincpp.cpp ****     __asm__ volatile("csrw stvec, %[handler]": :[handler] "r"(&interruptHandler));
 303              		.loc 1 37 5
GAS LISTING /tmp/ccc5voKR.s 			page 8


 304              		.loc 1 37 82 is_stmt 0
 305 001c 97070000 		la	a5,interruptHandler
 305      83B70700 
 306              	#APP
 307              	# 37 "visak/maincpp.cpp" 1
  38              	
  39:visak/maincpp.cpp ****     //inicijalizacija alokatora memorije
  40:visak/maincpp.cpp ****     KMemory::initializeMemory();
 308              		csrw stvec, a5
 309              	# 0 "" 2
 310              		.loc 1 40 5 is_stmt 1
 311              	.LEHB0:
 312              		.loc 1 40 30 is_stmt 0
 313              	#NO_APP
 314 0028 97000000 		call	_ZN7KMemory16initializeMemoryEv@plt
 314      E7800000 
 315              	.LVL23:
  41:visak/maincpp.cpp **** 
  42:visak/maincpp.cpp ****     //inicijalizacija komunikacije sa konzolom
  43:visak/maincpp.cpp ****     KConsole::initKConsole();
 316              		.loc 1 43 5 is_stmt 1
 317              		.loc 1 43 27 is_stmt 0
 318 0030 97000000 		call	_ZN8KConsole12initKConsoleEv@plt
 318      E7800000 
 319              	.LVL24:
  44:visak/maincpp.cpp **** 
  45:visak/maincpp.cpp ****     //pravljenje niti
  46:visak/maincpp.cpp ****     thread_t mainHandle;
 320              		.loc 1 46 5 is_stmt 1
  47:visak/maincpp.cpp ****     Thread* idleHandle = new IdleThread();
 321              		.loc 1 47 5
 322              		.loc 1 47 41 is_stmt 0
 323 0038 13050002 		li	a0,32
 324 003c 97000000 		call	_Znwm@plt
 324      E7800000 
 325              	.LVL25:
 326              	.LEHE0:
 327 0044 13090500 		mv	s2,a0
 328 0048 23300500 		sd	zero,0(a0)
 329 004c 23340500 		sd	zero,8(a0)
 330 0050 23380500 		sd	zero,16(a0)
 331 0054 233C0500 		sd	zero,24(a0)
 332              	.LVL26:
 333              	.LEHB1:
 334              	.LBB45:
 335              	.LBB46:
  12:visak/maincpp.cpp ****     void run() override {
 336              		.loc 1 12 7
 337 0058 97000000 		call	_ZN6ThreadC2Ev@plt
 337      E7800000 
 338              	.LVL27:
 339              	.LEHE1:
 340 0060 97070000 		lla	a5,_ZTV10IdleThread+16
 340      93870700 
 341 0068 2330F900 		sd	a5,0(s2)
 342              	.LVL28:
 343              	.LBE46:
GAS LISTING /tmp/ccc5voKR.s 			page 9


 344              	.LBE45:
  48:visak/maincpp.cpp ****     Thread* consoleOutputHandle = new KernelConsumer();
 345              		.loc 1 48 5 is_stmt 1
 346              		.loc 1 48 54 is_stmt 0
 347 006c 13050002 		li	a0,32
 348              	.LEHB2:
 349 0070 97000000 		call	_Znwm@plt
 349      E7800000 
 350              	.LVL29:
 351              	.LEHE2:
 352 0078 93040500 		mv	s1,a0
 353 007c 23300500 		sd	zero,0(a0)
 354 0080 23340500 		sd	zero,8(a0)
 355 0084 23380500 		sd	zero,16(a0)
 356 0088 233C0500 		sd	zero,24(a0)
 357              	.LVL30:
 358              	.LEHB3:
 359              	.LBB47:
 360              	.LBB48:
  18:visak/maincpp.cpp ****     void run() override {
 361              		.loc 1 18 7
 362 008c 97000000 		call	_ZN6ThreadC2Ev@plt
 362      E7800000 
 363              	.LVL31:
 364              	.LEHE3:
 365 0094 97070000 		lla	a5,_ZTV14KernelConsumer+16
 365      93870700 
 366 009c 23B0F400 		sd	a5,0(s1)
 367              	.LVL32:
 368              	.LBE48:
 369              	.LBE47:
  49:visak/maincpp.cpp ****     Thread* userThr = new Thread((TCB::Body)userMain, nullptr);
 370              		.loc 1 49 5 is_stmt 1
 371              		.loc 1 49 62 is_stmt 0
 372 00a0 13050002 		li	a0,32
 373              	.LEHB4:
 374 00a4 97000000 		call	_Znwm@plt
 374      E7800000 
 375              	.LVL33:
 376              	.LEHE4:
 377 00ac 93090500 		mv	s3,a0
 378 00b0 13060000 		li	a2,0
 379 00b4 97050000 		la	a1,_Z8userMainv
 379      83B50500 
 380              	.LEHB5:
 381 00bc 97000000 		call	_ZN6ThreadC1EPFvPvES0_@plt
 381      E7800000 
 382              	.LVL34:
 383              	.LEHE5:
 384 00c4 6F008005 		j	.L27
 385              	.LVL35:
 386              	.L21:
 387 00c8 93040500 		mv	s1,a0
  47:visak/maincpp.cpp ****     Thread* consoleOutputHandle = new KernelConsumer();
 388              		.loc 1 47 41
 389 00cc 13050900 		mv	a0,s2
 390 00d0 97000000 		call	_ZdlPv@plt
GAS LISTING /tmp/ccc5voKR.s 			page 10


 390      E7800000 
 391              	.LVL36:
 392 00d8 13850400 		mv	a0,s1
 393              	.LEHB6:
 394 00dc 97000000 		call	_Unwind_Resume@plt
 394      E7800000 
 395              	.LVL37:
 396              	.L22:
 397 00e4 13090500 		mv	s2,a0
 398              	.LVL38:
  48:visak/maincpp.cpp ****     Thread* userThr = new Thread((TCB::Body)userMain, nullptr);
 399              		.loc 1 48 54
 400 00e8 13850400 		mv	a0,s1
 401 00ec 97000000 		call	_ZdlPv@plt
 401      E7800000 
 402              	.LVL39:
 403 00f4 13050900 		mv	a0,s2
 404 00f8 97000000 		call	_Unwind_Resume@plt
 404      E7800000 
 405              	.LVL40:
 406              	.L23:
 407 0100 93040500 		mv	s1,a0
 408              	.LVL41:
 409              		.loc 1 49 62
 410 0104 13850900 		mv	a0,s3
 411 0108 97000000 		call	_ZdlPv@plt
 411      E7800000 
 412              	.LVL42:
 413 0110 13850400 		mv	a0,s1
 414 0114 97000000 		call	_Unwind_Resume@plt
 414      E7800000 
 415              	.LVL43:
 416              	.L27:
  50:visak/maincpp.cpp ****     //Thread* userThr = new Thread(user, nullptr);
  51:visak/maincpp.cpp ****     thread_create(&mainHandle, (TCB::Body)main, nullptr);
 417              		.loc 1 51 5 is_stmt 1 discriminator 3
 418              		.loc 1 51 18 is_stmt 0 discriminator 3
 419 011c 13060000 		li	a2,0
 420 0120 97050000 		la	a1,main
 420      83B50500 
 421 0128 130584FC 		addi	a0,s0,-56
 422 012c 97000000 		call	_Z13thread_createPP3TCBPFvPvES2_@plt
 422      E7800000 
 423              	.LVL44:
  52:visak/maincpp.cpp ****     TCB::setRunning(mainHandle);
 424              		.loc 1 52 5 is_stmt 1 discriminator 3
 425              		.loc 1 52 20 is_stmt 0 discriminator 3
 426 0134 833784FC 		ld	a5,-56(s0)
 427              	.LVL45:
 428              	.LBB49:
 429              	.LBB50:
 430              		.file 3 "visak/../h/TCB.hpp"
   1:visak/../h/TCB.hpp **** //
   2:visak/../h/TCB.hpp **** // Created by os on 5/23/23.
   3:visak/../h/TCB.hpp **** //
   4:visak/../h/TCB.hpp **** 
   5:visak/../h/TCB.hpp **** #ifndef PROJEKAT2023_TCB_HPP
GAS LISTING /tmp/ccc5voKR.s 			page 11


   6:visak/../h/TCB.hpp **** #define PROJEKAT2023_TCB_HPP
   7:visak/../h/TCB.hpp **** 
   8:visak/../h/TCB.hpp **** #include "../lib/hw.h"
   9:visak/../h/TCB.hpp **** #include "../h/ThreadQueue.hpp"
  10:visak/../h/TCB.hpp **** 
  11:visak/../h/TCB.hpp **** int main();
  12:visak/../h/TCB.hpp **** 
  13:visak/../h/TCB.hpp **** class TCB {
  14:visak/../h/TCB.hpp **** public:
  15:visak/../h/TCB.hpp ****     friend class Scheduler;
  16:visak/../h/TCB.hpp **** 
  17:visak/../h/TCB.hpp ****     using Body = void (*)(void*);
  18:visak/../h/TCB.hpp **** 
  19:visak/../h/TCB.hpp ****     enum ThreadStatus {
  20:visak/../h/TCB.hpp ****         CREATED, ACTIVE, BLOCKED, JOINING, SLEEPING, FINISHED
  21:visak/../h/TCB.hpp ****     };
  22:visak/../h/TCB.hpp **** 
  23:visak/../h/TCB.hpp ****     static TCB* createThread(Body function, void* args, uint64* stack);
  24:visak/../h/TCB.hpp **** 
  25:visak/../h/TCB.hpp ****     void setStatus(ThreadStatus stat) { this->status = stat; }
  26:visak/../h/TCB.hpp **** 
  27:visak/../h/TCB.hpp ****     ThreadStatus getStatus() { return this->status; }
  28:visak/../h/TCB.hpp **** 
  29:visak/../h/TCB.hpp ****     uint64 getTimeSlice() { return timeSlice; }
  30:visak/../h/TCB.hpp **** 
  31:visak/../h/TCB.hpp ****     Body getBody() { return threadFunction; }
  32:visak/../h/TCB.hpp **** 
  33:visak/../h/TCB.hpp ****     ThreadQueue* getListOfJoiningThreads() { return &waitingToJoin; }
  34:visak/../h/TCB.hpp **** 
  35:visak/../h/TCB.hpp ****     void setMySemaphore(KSem* sem) { mySemaphore = sem; }
  36:visak/../h/TCB.hpp **** 
  37:visak/../h/TCB.hpp ****     void setJoiningWithTCB(TCB* tcb) { joiningWithTCB = tcb; }
  38:visak/../h/TCB.hpp **** 
  39:visak/../h/TCB.hpp ****     static TCB* getRunning() { return running; }
  40:visak/../h/TCB.hpp **** 
  41:visak/../h/TCB.hpp ****     static void setRunning(TCB* newRunning) { running = newRunning; }
 431              		.loc 3 41 47 is_stmt 1 discriminator 3
 432              		.loc 3 41 55 is_stmt 0 discriminator 3
 433 0138 17070000 		la	a4,_ZN3TCB7runningE
 433      03370700 
 434 0140 2330F700 		sd	a5,0(a4)
 435              	.LVL46:
 436              	.LBE50:
 437              	.LBE49:
  53:visak/maincpp.cpp ****     mainHandle->setStatus(TCB::ACTIVE);
 438              		.loc 1 53 5 is_stmt 1 discriminator 3
 439              	.LBB51:
 440              	.LBB52:
  25:visak/../h/TCB.hpp **** 
 441              		.loc 3 25 41 discriminator 3
  25:visak/../h/TCB.hpp **** 
 442              		.loc 3 25 54 is_stmt 0 discriminator 3
 443 0144 13071000 		li	a4,1
 444 0148 23ACE704 		sw	a4,88(a5)
 445              	.LVL47:
 446              	.LBE52:
 447              	.LBE51:
GAS LISTING /tmp/ccc5voKR.s 			page 12


  54:visak/maincpp.cpp ****     idleHandle->start();
 448              		.loc 1 54 5 is_stmt 1 discriminator 3
 449              		.loc 1 54 22 is_stmt 0 discriminator 3
 450 014c 13050900 		mv	a0,s2
 451 0150 97000000 		call	_ZN6Thread5startEv@plt
 451      E7800000 
 452              	.LVL48:
  55:visak/maincpp.cpp ****     consoleOutputHandle->start();
 453              		.loc 1 55 5 is_stmt 1 discriminator 3
 454              		.loc 1 55 31 is_stmt 0 discriminator 3
 455 0158 13850400 		mv	a0,s1
 456 015c 97000000 		call	_ZN6Thread5startEv@plt
 456      E7800000 
 457              	.LVL49:
  56:visak/maincpp.cpp ****     userThr->start();
 458              		.loc 1 56 5 is_stmt 1 discriminator 3
 459              		.loc 1 56 19 is_stmt 0 discriminator 3
 460 0164 13850900 		mv	a0,s3
 461 0168 97000000 		call	_ZN6Thread5startEv@plt
 461      E7800000 
 462              	.LVL50:
  57:visak/maincpp.cpp **** 
  58:visak/maincpp.cpp ****     //omogucavanje prekida
  59:visak/maincpp.cpp ****     Riscv::ms_sstatus(Riscv::SSTATUS_SIE);
 463              		.loc 1 59 5 is_stmt 1 discriminator 3
 464              	.LBB53:
 465              	.LBB54:
 466              		.file 4 "visak/../h/Riscv.hpp"
   1:visak/../h/Riscv.hpp **** //
   2:visak/../h/Riscv.hpp **** // Created by os on 5/17/23.
   3:visak/../h/Riscv.hpp **** //
   4:visak/../h/Riscv.hpp **** 
   5:visak/../h/Riscv.hpp **** #ifndef PROJEKAT2023_RISCV_HPP
   6:visak/../h/Riscv.hpp **** #define PROJEKAT2023_RISCV_HPP
   7:visak/../h/Riscv.hpp **** 
   8:visak/../h/Riscv.hpp **** #include "../lib/hw.h"
   9:visak/../h/Riscv.hpp **** 
  10:visak/../h/Riscv.hpp **** class Riscv {
  11:visak/../h/Riscv.hpp **** public:
  12:visak/../h/Riscv.hpp **** 
  13:visak/../h/Riscv.hpp **** 	static void returnFromInterrupt();
  14:visak/../h/Riscv.hpp **** 
  15:visak/../h/Riscv.hpp **** 	//read scause
  16:visak/../h/Riscv.hpp **** 	static uint64 r_scause();
  17:visak/../h/Riscv.hpp **** 
  18:visak/../h/Riscv.hpp **** 	//write scause
  19:visak/../h/Riscv.hpp **** 	static void w_scause(uint64 scause);
  20:visak/../h/Riscv.hpp **** 
  21:visak/../h/Riscv.hpp **** 	//read sepc
  22:visak/../h/Riscv.hpp **** 	static uint64 r_sepc();
  23:visak/../h/Riscv.hpp **** 
  24:visak/../h/Riscv.hpp **** 	//write sepc
  25:visak/../h/Riscv.hpp **** 	static void w_sepc(uint64 sepc);
  26:visak/../h/Riscv.hpp **** 
  27:visak/../h/Riscv.hpp **** 	//read stvec
  28:visak/../h/Riscv.hpp **** 	static uint64 r_stvec();
  29:visak/../h/Riscv.hpp **** 
GAS LISTING /tmp/ccc5voKR.s 			page 13


  30:visak/../h/Riscv.hpp **** 	//write stvec
  31:visak/../h/Riscv.hpp **** 	static void w_stvec(uint64 stvec);
  32:visak/../h/Riscv.hpp **** 
  33:visak/../h/Riscv.hpp **** 	enum BitMaskSip {
  34:visak/../h/Riscv.hpp **** 		//postoji zahtev za softverski prekid
  35:visak/../h/Riscv.hpp **** 		SIP_SSIP = (1 << 1),
  36:visak/../h/Riscv.hpp **** 		//postoji prekid od tajmera
  37:visak/../h/Riscv.hpp **** 		SIP_STIP = (1 << 5),
  38:visak/../h/Riscv.hpp **** 		//postoji zahtev za spoljasnji hardverski prekid
  39:visak/../h/Riscv.hpp **** 		SIP_SEIP = (1 << 9)
  40:visak/../h/Riscv.hpp **** 	};
  41:visak/../h/Riscv.hpp **** 
  42:visak/../h/Riscv.hpp **** 	//mask set sip
  43:visak/../h/Riscv.hpp **** 	static void ms_sip(uint64 mask);
  44:visak/../h/Riscv.hpp **** 
  45:visak/../h/Riscv.hpp **** 	//mask clear sip
  46:visak/../h/Riscv.hpp **** 	static void mc_sip(uint64 mask);
  47:visak/../h/Riscv.hpp **** 
  48:visak/../h/Riscv.hpp **** 	//read sip
  49:visak/../h/Riscv.hpp **** 	static uint64 r_sip();
  50:visak/../h/Riscv.hpp **** 
  51:visak/../h/Riscv.hpp **** 	//write sip
  52:visak/../h/Riscv.hpp **** 	static void w_sip(uint64 sip);
  53:visak/../h/Riscv.hpp **** 
  54:visak/../h/Riscv.hpp **** 	//kada se pozove sret, SIE dobija vrednost SPIE, SPIE se postavlja na 1,
  55:visak/../h/Riscv.hpp **** 	//rezim se postavlja na osnovu SPP bita, SPP se postavlja na 0
  56:visak/../h/Riscv.hpp **** 	enum BitMaskSstatus {
  57:visak/../h/Riscv.hpp **** 		//1 - dozvoljeni prekidi; 0- nedozvoljeni prekidi; igonrise se u korisnickom rezimu
  58:visak/../h/Riscv.hpp **** 		SSTATUS_SIE = (1 << 1),
  59:visak/../h/Riscv.hpp **** 		//prethodna vrednost bita SIE
  60:visak/../h/Riscv.hpp **** 		SSTATUS_SPIE = (1 << 5),
  61:visak/../h/Riscv.hpp **** 		//iz kog rezima se desio skok; 0 - iz korisnickog; 1 - iz sistemskog
  62:visak/../h/Riscv.hpp **** 		SSTATUS_SPP = (1 << 8)
  63:visak/../h/Riscv.hpp **** 	};
  64:visak/../h/Riscv.hpp **** 
  65:visak/../h/Riscv.hpp **** 	//mask set sstatus
  66:visak/../h/Riscv.hpp **** 	static void ms_sstatus(uint64 mask);
  67:visak/../h/Riscv.hpp **** 
  68:visak/../h/Riscv.hpp **** 	//mask clear sstatus
  69:visak/../h/Riscv.hpp **** 	static void mc_sstatus(uint64 mask);
  70:visak/../h/Riscv.hpp **** 
  71:visak/../h/Riscv.hpp **** 	//read sstatus
  72:visak/../h/Riscv.hpp **** 	static uint64 r_sstatus();
  73:visak/../h/Riscv.hpp **** 
  74:visak/../h/Riscv.hpp **** 	//write sstatus
  75:visak/../h/Riscv.hpp **** 	static void w_sstatus(uint64 sstatus);
  76:visak/../h/Riscv.hpp **** 
  77:visak/../h/Riscv.hpp **** };
  78:visak/../h/Riscv.hpp **** 
  79:visak/../h/Riscv.hpp **** inline uint64 Riscv::r_scause() {
  80:visak/../h/Riscv.hpp **** 	uint64 volatile scause;
  81:visak/../h/Riscv.hpp **** 	__asm__ volatile("csrr %[scause], scause": [scause] "=r"(scause));
  82:visak/../h/Riscv.hpp **** 	return scause;
  83:visak/../h/Riscv.hpp **** }
  84:visak/../h/Riscv.hpp **** 
  85:visak/../h/Riscv.hpp **** inline void Riscv::w_scause(uint64 scause) {
  86:visak/../h/Riscv.hpp **** 	__asm__ volatile("csrw scause, %[scause]": :[scause] "r"(scause));
GAS LISTING /tmp/ccc5voKR.s 			page 14


  87:visak/../h/Riscv.hpp **** }
  88:visak/../h/Riscv.hpp **** 
  89:visak/../h/Riscv.hpp **** inline uint64 Riscv::r_sepc() {
  90:visak/../h/Riscv.hpp **** 	uint64 volatile sepc;
  91:visak/../h/Riscv.hpp **** 	__asm__ volatile("csrr %[sepc], sepc": [sepc] "=r"(sepc));
  92:visak/../h/Riscv.hpp **** 	return sepc;
  93:visak/../h/Riscv.hpp **** }
  94:visak/../h/Riscv.hpp **** 
  95:visak/../h/Riscv.hpp **** inline void Riscv::w_sepc(uint64 sepc) {
  96:visak/../h/Riscv.hpp **** 	__asm__ volatile("csrw sepc, %[sepc]": :[sepc] "r"(sepc));
  97:visak/../h/Riscv.hpp **** }
  98:visak/../h/Riscv.hpp **** 
  99:visak/../h/Riscv.hpp **** inline uint64 Riscv::r_stvec() {
 100:visak/../h/Riscv.hpp **** 	uint64 volatile stvec;
 101:visak/../h/Riscv.hpp **** 	__asm__ volatile("csrr %[stvec], stvec": [stvec] "=r"(stvec));
 102:visak/../h/Riscv.hpp **** 	return stvec;
 103:visak/../h/Riscv.hpp **** }
 104:visak/../h/Riscv.hpp **** 
 105:visak/../h/Riscv.hpp **** inline void Riscv::w_stvec(uint64 stvec) {
 106:visak/../h/Riscv.hpp **** 	__asm__ volatile("csrw stvec, %[stvec]": :[stvec] "r"(stvec));
 107:visak/../h/Riscv.hpp **** }
 108:visak/../h/Riscv.hpp **** 
 109:visak/../h/Riscv.hpp **** inline void Riscv::ms_sip(uint64 mask) {
 110:visak/../h/Riscv.hpp **** 	__asm__ volatile("csrs sip, %[mask]": :[mask] "r"(mask));
 111:visak/../h/Riscv.hpp **** }
 112:visak/../h/Riscv.hpp **** 
 113:visak/../h/Riscv.hpp **** inline void Riscv::mc_sip(uint64 mask) {
 114:visak/../h/Riscv.hpp **** 	__asm__ volatile("csrc sip, %[mask]": :[mask] "r"(mask));
 115:visak/../h/Riscv.hpp **** }
 116:visak/../h/Riscv.hpp **** 
 117:visak/../h/Riscv.hpp **** inline uint64 Riscv::r_sip() {
 118:visak/../h/Riscv.hpp **** 	uint64 volatile sip;
 119:visak/../h/Riscv.hpp **** 	__asm__ volatile("csrr %[sip], sip": [sip] "=r"(sip));
 120:visak/../h/Riscv.hpp **** 	return sip;
 121:visak/../h/Riscv.hpp **** }
 122:visak/../h/Riscv.hpp **** 
 123:visak/../h/Riscv.hpp **** inline void Riscv::w_sip(uint64 sip) {
 124:visak/../h/Riscv.hpp **** 	__asm__ volatile("csrw sip, %[sip]": :[sip] "r"(sip));
 125:visak/../h/Riscv.hpp **** }
 126:visak/../h/Riscv.hpp **** 
 127:visak/../h/Riscv.hpp **** inline void Riscv::ms_sstatus(uint64 mask) {
 128:visak/../h/Riscv.hpp **** 	__asm__ volatile("csrs sstatus, %[mask]": :[mask] "r"(mask));
 467              		.loc 4 128 2 discriminator 3
 468              		.loc 4 128 62 is_stmt 0 discriminator 3
 469 0170 93042000 		li	s1,2
 470              	.LVL51:
 471              	#APP
 472              	# 128 "visak/../h/Riscv.hpp" 1
 129              	}
 473              		csrs sstatus, s1
 474              	# 0 "" 2
 475              	.LVL52:
 476              	#NO_APP
 477              	.LBE54:
 478              	.LBE53:
  60:visak/maincpp.cpp **** 
  61:visak/maincpp.cpp ****     //cekanje da se userMain zavrsi
GAS LISTING /tmp/ccc5voKR.s 			page 15


  62:visak/maincpp.cpp ****     userThr->join();
 479              		.loc 1 62 5 is_stmt 1 discriminator 3
 480              		.loc 1 62 18 is_stmt 0 discriminator 3
 481 0178 13850900 		mv	a0,s3
 482 017c 97000000 		call	_ZN6Thread4joinEv@plt
 482      E7800000 
 483              	.LVL53:
 484              	.LEHE6:
  63:visak/maincpp.cpp **** 
  64:visak/maincpp.cpp ****     //flush output bafera za konzolu
  65:visak/maincpp.cpp ****     KConsole::flush();
 485              		.loc 1 65 5 is_stmt 1 discriminator 3
 486              	.LBB55:
 487              	.LBB56:
  32:visak/../h/KConsole.hpp ****         __asm__ volatile("ecall");
 488              		.loc 2 32 9 discriminator 3
  32:visak/../h/KConsole.hpp ****         __asm__ volatile("ecall");
 489              		.loc 2 32 40 is_stmt 0 discriminator 3
 490              	#APP
 491              	# 32 "visak/../h/KConsole.hpp" 1
  33:visak/../h/KConsole.hpp ****     }
 492              		li a0, 0x43
 493              	# 0 "" 2
 494              		.loc 2 33 9 is_stmt 1 discriminator 3
  33:visak/../h/KConsole.hpp ****     }
 495              		.loc 2 33 34 is_stmt 0 discriminator 3
 496              	# 33 "visak/../h/KConsole.hpp" 1
 497              		ecall
 498              	# 0 "" 2
 499              	#NO_APP
 500              	.LBE56:
 501              	.LBE55:
  66:visak/maincpp.cpp **** 
  67:visak/maincpp.cpp ****     //maskiranje svih prekida
  68:visak/maincpp.cpp ****     Riscv::mc_sstatus(Riscv::SSTATUS_SIE);
 502              		.loc 1 68 5 is_stmt 1 discriminator 3
 503              	.LVL54:
 504              	.LBB57:
 505              	.LBB58:
 130:visak/../h/Riscv.hpp **** 
 131:visak/../h/Riscv.hpp **** inline void Riscv::mc_sstatus(uint64 mask) {
 132:visak/../h/Riscv.hpp **** 	__asm__ volatile("csrc sstatus, %[mask]": :[mask] "r"(mask));
 506              		.loc 4 132 2 discriminator 3
 507              		.loc 4 132 62 is_stmt 0 discriminator 3
 508              	#APP
 509              	# 132 "visak/../h/Riscv.hpp" 1
 133              	}
 510              		csrc sstatus, s1
 511              	# 0 "" 2
 512              	.LVL55:
 513              	#NO_APP
 514              	.LBE58:
 515              	.LBE57:
  69:visak/maincpp.cpp **** 
  70:visak/maincpp.cpp ****     return 0;
 516              		.loc 1 70 5 is_stmt 1 discriminator 3
  71:visak/maincpp.cpp **** }...
GAS LISTING /tmp/ccc5voKR.s 			page 16


 517              		.loc 1 71 1 is_stmt 0 discriminator 3
 518 0190 13050000 		li	a0,0
 519 0194 83308103 		ld	ra,56(sp)
 520              		.cfi_restore 1
 521 0198 03340103 		ld	s0,48(sp)
 522              		.cfi_restore 8
 523              		.cfi_def_cfa 2, 64
 524 019c 83348102 		ld	s1,40(sp)
 525              		.cfi_restore 9
 526 01a0 03390102 		ld	s2,32(sp)
 527              		.cfi_restore 18
 528              	.LVL56:
 529 01a4 83398101 		ld	s3,24(sp)
 530              		.cfi_restore 19
 531              	.LVL57:
 532 01a8 13010104 		addi	sp,sp,64
 533              		.cfi_def_cfa_offset 0
 534 01ac 67800000 		jr	ra
 535              		.cfi_endproc
 536              	.LFE56:
 537              		.globl	__gxx_personality_v0
 538              		.section	.gcc_except_table,"a",@progbits
 539              	.LLSDA56:
 540 0000 FF       		.byte	0xff
 541 0001 FF       		.byte	0xff
 542 0002 03       		.byte	0x3
 543 0003 5B       		.byte	0x5b
 544 0004 00000000 		.4byte	.LEHB0-.LFB56
 545 0008 00000000 		.4byte	.LEHE0-.LEHB0
 546 000c 00000000 		.4byte	0
 547 0010 00       		.byte	0
 548 0011 00000000 		.4byte	.LEHB1-.LFB56
 549 0015 00000000 		.4byte	.LEHE1-.LEHB1
 550 0019 00000000 		.4byte	.L21-.LFB56
 551 001d 00       		.byte	0
 552 001e 00000000 		.4byte	.LEHB2-.LFB56
 553 0022 00000000 		.4byte	.LEHE2-.LEHB2
 554 0026 00000000 		.4byte	0
 555 002a 00       		.byte	0
 556 002b 00000000 		.4byte	.LEHB3-.LFB56
 557 002f 00000000 		.4byte	.LEHE3-.LEHB3
 558 0033 00000000 		.4byte	.L22-.LFB56
 559 0037 00       		.byte	0
 560 0038 00000000 		.4byte	.LEHB4-.LFB56
 561 003c 00000000 		.4byte	.LEHE4-.LEHB4
 562 0040 00000000 		.4byte	0
 563 0044 00       		.byte	0
 564 0045 00000000 		.4byte	.LEHB5-.LFB56
 565 0049 00000000 		.4byte	.LEHE5-.LEHB5
 566 004d 00000000 		.4byte	.L23-.LFB56
 567 0051 00       		.byte	0
 568 0052 00000000 		.4byte	.LEHB6-.LFB56
 569 0056 00000000 		.4byte	.LEHE6-.LEHB6
 570 005a 00000000 		.4byte	0
 571 005e 00       		.byte	0
 572              		.text
 574              		.weak	_ZTV10IdleThread
GAS LISTING /tmp/ccc5voKR.s 			page 17


 575              		.section	.data.rel.ro.local._ZTV10IdleThread,"awG",@progbits,_ZTV10IdleThread,comdat
 576              		.align	3
 579              	_ZTV10IdleThread:
 580 0000 00000000 		.dword	0
 580      00000000 
 581 0008 00000000 		.dword	0
 581      00000000 
 582 0010 00000000 		.dword	_ZN10IdleThreadD1Ev
 582      00000000 
 583 0018 00000000 		.dword	_ZN10IdleThreadD0Ev
 583      00000000 
 584 0020 00000000 		.dword	_ZN10IdleThread3runEv
 584      00000000 
 585              		.weak	_ZTV14KernelConsumer
 586              		.section	.data.rel.ro.local._ZTV14KernelConsumer,"awG",@progbits,_ZTV14KernelConsumer,comdat
 587              		.align	3
 590              	_ZTV14KernelConsumer:
 591 0000 00000000 		.dword	0
 591      00000000 
 592 0008 00000000 		.dword	0
 592      00000000 
 593 0010 00000000 		.dword	_ZN14KernelConsumerD1Ev
 593      00000000 
 594 0018 00000000 		.dword	_ZN14KernelConsumerD0Ev
 594      00000000 
 595 0020 00000000 		.dword	_ZN14KernelConsumer3runEv
 595      00000000 
 596              		.text
 597              	.Letext0:
 598              		.file 5 "visak/../lib/hw.h"
 599              		.file 6 "visak/../h/KMemory.hpp"
 600              		.file 7 "visak/../h/../h/../h/syscall_c.hpp"
 601              		.file 8 "visak/../h/../h/ThreadQueue.hpp"
 602              		.file 9 "visak/../h/syscall_cpp.hpp"
 4850              		.align	3
 4853              	DW.ref.__gxx_personality_v0:
 4854 0000 00000000 		.dword	__gxx_personality_v0
 4854      00000000 
 4855              		.ident	"GCC: (Ubuntu 9.4.0-1ubuntu1~20.04) 9.4.0"
 4856              		.section	.note.GNU-stack,"",@progbits
GAS LISTING /tmp/ccc5voKR.s 			page 18


DEFINED SYMBOLS
                            *ABS*:0000000000000000 maincpp.cpp
     /tmp/ccc5voKR.s:10     .text._ZN10IdleThread3runEv:0000000000000000 _ZN10IdleThread3runEv
     /tmp/ccc5voKR.s:14     .text._ZN10IdleThread3runEv:0000000000000000 .L0 
     /tmp/ccc5voKR.s:16     .text._ZN10IdleThread3runEv:0000000000000000 .L0 
     /tmp/ccc5voKR.s:17     .text._ZN10IdleThread3runEv:0000000000000004 .L0 
     /tmp/ccc5voKR.s:20     .text._ZN10IdleThread3runEv:000000000000000c .L0 
     /tmp/ccc5voKR.s:21     .text._ZN10IdleThread3runEv:000000000000000c .L0 
     /tmp/ccc5voKR.s:23     .text._ZN10IdleThread3runEv:0000000000000010 .L0 
     /tmp/ccc5voKR.s:27     .text._ZN10IdleThread3runEv:0000000000000010 .L0 
     /tmp/ccc5voKR.s:28     .text._ZN10IdleThread3runEv:0000000000000010 .L0 
     /tmp/ccc5voKR.s:29     .text._ZN10IdleThread3runEv:0000000000000010 .L0 
     /tmp/ccc5voKR.s:32     .text._ZN10IdleThread3runEv:0000000000000018 .L0 
     /tmp/ccc5voKR.s:33     .text._ZN10IdleThread3runEv:000000000000001c .L0 
     /tmp/ccc5voKR.s:40     .text._ZN10IdleThreadD2Ev:0000000000000000 _ZN10IdleThreadD2Ev
     /tmp/ccc5voKR.s:43     .text._ZN10IdleThreadD2Ev:0000000000000000 .L0 
     /tmp/ccc5voKR.s:45     .text._ZN10IdleThreadD2Ev:0000000000000000 .L0 
     /tmp/ccc5voKR.s:46     .text._ZN10IdleThreadD2Ev:0000000000000004 .L0 
     /tmp/ccc5voKR.s:49     .text._ZN10IdleThreadD2Ev:000000000000000c .L0 
     /tmp/ccc5voKR.s:50     .text._ZN10IdleThreadD2Ev:000000000000000c .L0 
     /tmp/ccc5voKR.s:52     .text._ZN10IdleThreadD2Ev:0000000000000010 .L0 
     /tmp/ccc5voKR.s:579    .data.rel.ro.local._ZTV10IdleThread:0000000000000000 _ZTV10IdleThread
     /tmp/ccc5voKR.s:55     .text._ZN10IdleThreadD2Ev:0000000000000010 .L0 
     /tmp/ccc5voKR.s:61     .text._ZN10IdleThreadD2Ev:0000000000000028 .L0 
     /tmp/ccc5voKR.s:63     .text._ZN10IdleThreadD2Ev:000000000000002c .L0 
     /tmp/ccc5voKR.s:64     .text._ZN10IdleThreadD2Ev:000000000000002c .L0 
     /tmp/ccc5voKR.s:66     .text._ZN10IdleThreadD2Ev:0000000000000030 .L0 
     /tmp/ccc5voKR.s:68     .text._ZN10IdleThreadD2Ev:0000000000000034 .L0 
     /tmp/ccc5voKR.s:40     .text._ZN10IdleThreadD2Ev:0000000000000000 _ZN10IdleThreadD1Ev
     /tmp/ccc5voKR.s:77     .text._ZN10IdleThreadD0Ev:0000000000000000 _ZN10IdleThreadD0Ev
     /tmp/ccc5voKR.s:80     .text._ZN10IdleThreadD0Ev:0000000000000000 .L0 
     /tmp/ccc5voKR.s:82     .text._ZN10IdleThreadD0Ev:0000000000000000 .L0 
     /tmp/ccc5voKR.s:83     .text._ZN10IdleThreadD0Ev:0000000000000004 .L0 
     /tmp/ccc5voKR.s:87     .text._ZN10IdleThreadD0Ev:0000000000000010 .L0 
     /tmp/ccc5voKR.s:88     .text._ZN10IdleThreadD0Ev:0000000000000010 .L0 
     /tmp/ccc5voKR.s:89     .text._ZN10IdleThreadD0Ev:0000000000000010 .L0 
     /tmp/ccc5voKR.s:91     .text._ZN10IdleThreadD0Ev:0000000000000014 .L0 
     /tmp/ccc5voKR.s:97     .text._ZN10IdleThreadD0Ev:0000000000000018 .L0 
     /tmp/ccc5voKR.s:107    .text._ZN10IdleThreadD0Ev:000000000000003c .L0 
     /tmp/ccc5voKR.s:109    .text._ZN10IdleThreadD0Ev:0000000000000040 .L0 
     /tmp/ccc5voKR.s:110    .text._ZN10IdleThreadD0Ev:0000000000000040 .L0 
     /tmp/ccc5voKR.s:112    .text._ZN10IdleThreadD0Ev:0000000000000044 .L0 
     /tmp/ccc5voKR.s:115    .text._ZN10IdleThreadD0Ev:0000000000000048 .L0 
     /tmp/ccc5voKR.s:117    .text._ZN10IdleThreadD0Ev:000000000000004c .L0 
     /tmp/ccc5voKR.s:124    .text._ZN14KernelConsumerD2Ev:0000000000000000 _ZN14KernelConsumerD2Ev
     /tmp/ccc5voKR.s:127    .text._ZN14KernelConsumerD2Ev:0000000000000000 .L0 
     /tmp/ccc5voKR.s:129    .text._ZN14KernelConsumerD2Ev:0000000000000000 .L0 
     /tmp/ccc5voKR.s:130    .text._ZN14KernelConsumerD2Ev:0000000000000004 .L0 
     /tmp/ccc5voKR.s:133    .text._ZN14KernelConsumerD2Ev:000000000000000c .L0 
     /tmp/ccc5voKR.s:134    .text._ZN14KernelConsumerD2Ev:000000000000000c .L0 
     /tmp/ccc5voKR.s:136    .text._ZN14KernelConsumerD2Ev:0000000000000010 .L0 
     /tmp/ccc5voKR.s:590    .data.rel.ro.local._ZTV14KernelConsumer:0000000000000000 _ZTV14KernelConsumer
     /tmp/ccc5voKR.s:139    .text._ZN14KernelConsumerD2Ev:0000000000000010 .L0 
     /tmp/ccc5voKR.s:145    .text._ZN14KernelConsumerD2Ev:0000000000000028 .L0 
     /tmp/ccc5voKR.s:147    .text._ZN14KernelConsumerD2Ev:000000000000002c .L0 
     /tmp/ccc5voKR.s:148    .text._ZN14KernelConsumerD2Ev:000000000000002c .L0 
     /tmp/ccc5voKR.s:150    .text._ZN14KernelConsumerD2Ev:0000000000000030 .L0 
GAS LISTING /tmp/ccc5voKR.s 			page 19


     /tmp/ccc5voKR.s:152    .text._ZN14KernelConsumerD2Ev:0000000000000034 .L0 
     /tmp/ccc5voKR.s:124    .text._ZN14KernelConsumerD2Ev:0000000000000000 _ZN14KernelConsumerD1Ev
     /tmp/ccc5voKR.s:161    .text._ZN14KernelConsumerD0Ev:0000000000000000 _ZN14KernelConsumerD0Ev
     /tmp/ccc5voKR.s:164    .text._ZN14KernelConsumerD0Ev:0000000000000000 .L0 
     /tmp/ccc5voKR.s:166    .text._ZN14KernelConsumerD0Ev:0000000000000000 .L0 
     /tmp/ccc5voKR.s:167    .text._ZN14KernelConsumerD0Ev:0000000000000004 .L0 
     /tmp/ccc5voKR.s:171    .text._ZN14KernelConsumerD0Ev:0000000000000010 .L0 
     /tmp/ccc5voKR.s:172    .text._ZN14KernelConsumerD0Ev:0000000000000010 .L0 
     /tmp/ccc5voKR.s:173    .text._ZN14KernelConsumerD0Ev:0000000000000010 .L0 
     /tmp/ccc5voKR.s:175    .text._ZN14KernelConsumerD0Ev:0000000000000014 .L0 
     /tmp/ccc5voKR.s:181    .text._ZN14KernelConsumerD0Ev:0000000000000018 .L0 
     /tmp/ccc5voKR.s:191    .text._ZN14KernelConsumerD0Ev:000000000000003c .L0 
     /tmp/ccc5voKR.s:193    .text._ZN14KernelConsumerD0Ev:0000000000000040 .L0 
     /tmp/ccc5voKR.s:194    .text._ZN14KernelConsumerD0Ev:0000000000000040 .L0 
     /tmp/ccc5voKR.s:196    .text._ZN14KernelConsumerD0Ev:0000000000000044 .L0 
     /tmp/ccc5voKR.s:199    .text._ZN14KernelConsumerD0Ev:0000000000000048 .L0 
     /tmp/ccc5voKR.s:201    .text._ZN14KernelConsumerD0Ev:000000000000004c .L0 
     /tmp/ccc5voKR.s:208    .text._ZN14KernelConsumer3runEv:0000000000000000 _ZN14KernelConsumer3runEv
     /tmp/ccc5voKR.s:211    .text._ZN14KernelConsumer3runEv:0000000000000000 .L0 
     /tmp/ccc5voKR.s:213    .text._ZN14KernelConsumer3runEv:0000000000000000 .L0 
     /tmp/ccc5voKR.s:214    .text._ZN14KernelConsumer3runEv:0000000000000004 .L0 
     /tmp/ccc5voKR.s:217    .text._ZN14KernelConsumer3runEv:000000000000000c .L0 
     /tmp/ccc5voKR.s:218    .text._ZN14KernelConsumer3runEv:000000000000000c .L0 
     /tmp/ccc5voKR.s:220    .text._ZN14KernelConsumer3runEv:0000000000000010 .L0 
     /tmp/ccc5voKR.s:229    .text._ZN14KernelConsumer3runEv:0000000000000014 .L0 
     /tmp/ccc5voKR.s:230    .text._ZN14KernelConsumer3runEv:0000000000000014 .L0 
     /tmp/ccc5voKR.s:233    .text._ZN14KernelConsumer3runEv:0000000000000020 .L0 
     /tmp/ccc5voKR.s:240    .text._ZN14KernelConsumer3runEv:0000000000000024 .L0 
     /tmp/ccc5voKR.s:243    .text._ZN14KernelConsumer3runEv:0000000000000024 .L0 
     /tmp/ccc5voKR.s:244    .text._ZN14KernelConsumer3runEv:0000000000000024 .L0 
     /tmp/ccc5voKR.s:252    .text._ZN14KernelConsumer3runEv:0000000000000038 .L0 
     /tmp/ccc5voKR.s:254    .text._ZN14KernelConsumer3runEv:0000000000000038 .L0 
     /tmp/ccc5voKR.s:255    .text._ZN14KernelConsumer3runEv:0000000000000038 .L0 
     /tmp/ccc5voKR.s:256    .text._ZN14KernelConsumer3runEv:0000000000000038 .L0 
     /tmp/ccc5voKR.s:260    .text._ZN14KernelConsumer3runEv:0000000000000040 .L0 
     /tmp/ccc5voKR.s:263    .text._ZN14KernelConsumer3runEv:0000000000000040 .L0 
     /tmp/ccc5voKR.s:264    .text._ZN14KernelConsumer3runEv:0000000000000040 .L0 
     /tmp/ccc5voKR.s:265    .text._ZN14KernelConsumer3runEv:0000000000000040 .L0 
     /tmp/ccc5voKR.s:268    .text._ZN14KernelConsumer3runEv:000000000000004c .L0 
     /tmp/ccc5voKR.s:272    .text._ZN14KernelConsumer3runEv:0000000000000050 .L0 
     /tmp/ccc5voKR.s:276    .text._ZN14KernelConsumer3runEv:000000000000005c .L0 
     /tmp/ccc5voKR.s:283    .text:0000000000000000 _Z7maincppv
     /tmp/ccc5voKR.s:286    .text:0000000000000000 .L0 
     /tmp/ccc5voKR.s:4853   .data.rel.local.DW.ref.__gxx_personality_v0:0000000000000000 DW.ref.__gxx_personality_v0
     /tmp/ccc5voKR.s:289    .text:0000000000000000 .L0 
     /tmp/ccc5voKR.s:290    .text:0000000000000004 .L0 
     /tmp/ccc5voKR.s:296    .text:0000000000000018 .L0 
     /tmp/ccc5voKR.s:297    .text:0000000000000018 .L0 
     /tmp/ccc5voKR.s:298    .text:0000000000000018 .L0 
     /tmp/ccc5voKR.s:299    .text:0000000000000018 .L0 
     /tmp/ccc5voKR.s:300    .text:0000000000000018 .L0 
     /tmp/ccc5voKR.s:302    .text:000000000000001c .L0 
     /tmp/ccc5voKR.s:304    .text:000000000000001c .L0 
     /tmp/ccc5voKR.s:305    .text:000000000000001c .L0 
     /tmp/ccc5voKR.s:312    .text:0000000000000028 .L0 
     /tmp/ccc5voKR.s:314    .text:0000000000000028 .L0 
     /tmp/ccc5voKR.s:317    .text:0000000000000030 .L0 
GAS LISTING /tmp/ccc5voKR.s 			page 20


     /tmp/ccc5voKR.s:318    .text:0000000000000030 .L0 
     /tmp/ccc5voKR.s:321    .text:0000000000000038 .L0 
     /tmp/ccc5voKR.s:322    .text:0000000000000038 .L0 
     /tmp/ccc5voKR.s:323    .text:0000000000000038 .L0 
     /tmp/ccc5voKR.s:337    .text:0000000000000058 .L0 
     /tmp/ccc5voKR.s:346    .text:000000000000006c .L0 
     /tmp/ccc5voKR.s:347    .text:000000000000006c .L0 
     /tmp/ccc5voKR.s:362    .text:000000000000008c .L0 
     /tmp/ccc5voKR.s:371    .text:00000000000000a0 .L0 
     /tmp/ccc5voKR.s:372    .text:00000000000000a0 .L0 
     /tmp/ccc5voKR.s:389    .text:00000000000000cc .L0 
     /tmp/ccc5voKR.s:400    .text:00000000000000e8 .L0 
     /tmp/ccc5voKR.s:410    .text:0000000000000104 .L0 
     /tmp/ccc5voKR.s:418    .text:000000000000011c .L0 
     /tmp/ccc5voKR.s:419    .text:000000000000011c .L0 
     /tmp/ccc5voKR.s:425    .text:0000000000000134 .L0 
     /tmp/ccc5voKR.s:426    .text:0000000000000134 .L0 
     /tmp/ccc5voKR.s:432    .text:0000000000000138 .L0 
     /tmp/ccc5voKR.s:433    .text:0000000000000138 .L0 
     /tmp/ccc5voKR.s:441    .text:0000000000000144 .L0 
     /tmp/ccc5voKR.s:442    .text:0000000000000144 .L0 
     /tmp/ccc5voKR.s:443    .text:0000000000000144 .L0 
     /tmp/ccc5voKR.s:449    .text:000000000000014c .L0 
     /tmp/ccc5voKR.s:450    .text:000000000000014c .L0 
     /tmp/ccc5voKR.s:454    .text:0000000000000158 .L0 
     /tmp/ccc5voKR.s:455    .text:0000000000000158 .L0 
     /tmp/ccc5voKR.s:459    .text:0000000000000164 .L0 
     /tmp/ccc5voKR.s:460    .text:0000000000000164 .L0 
     /tmp/ccc5voKR.s:467    .text:0000000000000170 .L0 
     /tmp/ccc5voKR.s:468    .text:0000000000000170 .L0 
     /tmp/ccc5voKR.s:469    .text:0000000000000170 .L0 
     /tmp/ccc5voKR.s:480    .text:0000000000000178 .L0 
     /tmp/ccc5voKR.s:481    .text:0000000000000178 .L0 
     /tmp/ccc5voKR.s:488    .text:0000000000000184 .L0 
     /tmp/ccc5voKR.s:489    .text:0000000000000184 .L0 
visak/../h/KConsole.hpp:32     .text:0000000000000184 .L0 
     /tmp/ccc5voKR.s:495    .text:0000000000000188 .L0 
visak/../h/KConsole.hpp:33     .text:0000000000000188 .L0 
     /tmp/ccc5voKR.s:506    .text:000000000000018c .L0 
     /tmp/ccc5voKR.s:507    .text:000000000000018c .L0 
visak/../h/Riscv.hpp:132    .text:000000000000018c .L0 
     /tmp/ccc5voKR.s:517    .text:0000000000000190 .L0 
     /tmp/ccc5voKR.s:518    .text:0000000000000190 .L0 
     /tmp/ccc5voKR.s:520    .text:0000000000000198 .L0 
     /tmp/ccc5voKR.s:522    .text:000000000000019c .L0 
     /tmp/ccc5voKR.s:523    .text:000000000000019c .L0 
     /tmp/ccc5voKR.s:525    .text:00000000000001a0 .L0 
     /tmp/ccc5voKR.s:527    .text:00000000000001a4 .L0 
     /tmp/ccc5voKR.s:530    .text:00000000000001a8 .L0 
     /tmp/ccc5voKR.s:533    .text:00000000000001ac .L0 
     /tmp/ccc5voKR.s:535    .text:00000000000001b0 .L0 
     /tmp/ccc5voKR.s:36     .text._ZN10IdleThread3runEv:000000000000001c .L0 
     /tmp/ccc5voKR.s:73     .text._ZN10IdleThreadD2Ev:0000000000000034 .L0 
     /tmp/ccc5voKR.s:120    .text._ZN10IdleThreadD0Ev:000000000000004c .L0 
     /tmp/ccc5voKR.s:157    .text._ZN14KernelConsumerD2Ev:0000000000000034 .L0 
     /tmp/ccc5voKR.s:204    .text._ZN14KernelConsumerD0Ev:000000000000004c .L0 
     /tmp/ccc5voKR.s:279    .text._ZN14KernelConsumer3runEv:000000000000005c .L0 
GAS LISTING /tmp/ccc5voKR.s 			page 21


     /tmp/ccc5voKR.s:603    .text:00000000000001b0 .L0 
     /tmp/ccc5voKR.s:305    .text:000000000000001c .L0 
     /tmp/ccc5voKR.s:340    .text:0000000000000060 .L0 
     /tmp/ccc5voKR.s:365    .text:0000000000000094 .L0 
     /tmp/ccc5voKR.s:379    .text:00000000000000b4 .L0 
     /tmp/ccc5voKR.s:420    .text:0000000000000120 .L0 
     /tmp/ccc5voKR.s:433    .text:0000000000000138 .L0 
     /tmp/ccc5voKR.s:416    .text:000000000000011c .L27
     /tmp/ccc5voKR.s:25     .text._ZN10IdleThread3runEv:0000000000000010 .L2
     /tmp/ccc5voKR.s:55     .text._ZN10IdleThreadD2Ev:0000000000000010 .L0 
     /tmp/ccc5voKR.s:97     .text._ZN10IdleThreadD0Ev:0000000000000018 .L0 
     /tmp/ccc5voKR.s:139    .text._ZN14KernelConsumerD2Ev:0000000000000010 .L0 
     /tmp/ccc5voKR.s:181    .text._ZN14KernelConsumerD0Ev:0000000000000018 .L0 
     /tmp/ccc5voKR.s:230    .text._ZN14KernelConsumer3runEv:0000000000000014 .L0 
     /tmp/ccc5voKR.s:244    .text._ZN14KernelConsumer3runEv:0000000000000024 .L0 
     /tmp/ccc5voKR.s:265    .text._ZN14KernelConsumer3runEv:0000000000000040 .L0 
     /tmp/ccc5voKR.s:251    .text._ZN14KernelConsumer3runEv:0000000000000038 .L14
     /tmp/ccc5voKR.s:258    .text._ZN14KernelConsumer3runEv:0000000000000040 .L13
     /tmp/ccc5voKR.s:223    .text._ZN14KernelConsumer3runEv:0000000000000014 .L16
     /tmp/ccc5voKR.s:311    .text:0000000000000028 .LEHB0
     /tmp/ccc5voKR.s:284    .text:0000000000000000 .LFB56
     /tmp/ccc5voKR.s:326    .text:0000000000000044 .LEHE0
     /tmp/ccc5voKR.s:333    .text:0000000000000058 .LEHB1
     /tmp/ccc5voKR.s:339    .text:0000000000000060 .LEHE1
     /tmp/ccc5voKR.s:386    .text:00000000000000c8 .L21
     /tmp/ccc5voKR.s:348    .text:0000000000000070 .LEHB2
     /tmp/ccc5voKR.s:351    .text:0000000000000078 .LEHE2
     /tmp/ccc5voKR.s:358    .text:000000000000008c .LEHB3
     /tmp/ccc5voKR.s:364    .text:0000000000000094 .LEHE3
     /tmp/ccc5voKR.s:396    .text:00000000000000e4 .L22
     /tmp/ccc5voKR.s:373    .text:00000000000000a4 .LEHB4
     /tmp/ccc5voKR.s:376    .text:00000000000000ac .LEHE4
     /tmp/ccc5voKR.s:380    .text:00000000000000bc .LEHB5
     /tmp/ccc5voKR.s:383    .text:00000000000000c4 .LEHE5
     /tmp/ccc5voKR.s:406    .text:0000000000000100 .L23
     /tmp/ccc5voKR.s:393    .text:00000000000000dc .LEHB6
     /tmp/ccc5voKR.s:484    .text:0000000000000184 .LEHE6
     /tmp/ccc5voKR.s:2796   .debug_abbrev:0000000000000000 .Ldebug_abbrev0
     /tmp/ccc5voKR.s:4755   .debug_str:0000000000000c54 .LASF237
     /tmp/ccc5voKR.s:4363   .debug_str:0000000000000042 .LASF238
     /tmp/ccc5voKR.s:4709   .debug_str:0000000000000b1f .LASF239
     /tmp/ccc5voKR.s:4327   .debug_ranges:0000000000000000 .Ldebug_ranges0
     /tmp/ccc5voKR.s:4351   .debug_line:0000000000000000 .Ldebug_line0
     /tmp/ccc5voKR.s:4517   .debug_str:0000000000000510 .LASF0
     /tmp/ccc5voKR.s:4551   .debug_str:0000000000000600 .LASF1
     /tmp/ccc5voKR.s:4687   .debug_str:0000000000000a65 .LASF2
     /tmp/ccc5voKR.s:4459   .debug_str:0000000000000355 .LASF3
     /tmp/ccc5voKR.s:4701   .debug_str:0000000000000ae3 .LASF4
     /tmp/ccc5voKR.s:4533   .debug_str:000000000000057f .LASF5
     /tmp/ccc5voKR.s:4373   .debug_str:00000000000000a1 .LASF6
     /tmp/ccc5voKR.s:4641   .debug_str:00000000000008f3 .LASF7
     /tmp/ccc5voKR.s:4635   .debug_str:00000000000008cb .LASF8
     /tmp/ccc5voKR.s:4541   .debug_str:00000000000005c1 .LASF9
     /tmp/ccc5voKR.s:4487   .debug_str:0000000000000429 .LASF10
     /tmp/ccc5voKR.s:4501   .debug_str:0000000000000495 .LASF11
     /tmp/ccc5voKR.s:4411   .debug_str:00000000000001cc .LASF12
     /tmp/ccc5voKR.s:4473   .debug_str:00000000000003c6 .LASF13
GAS LISTING /tmp/ccc5voKR.s 			page 22


     /tmp/ccc5voKR.s:4425   .debug_str:0000000000000241 .LASF14
     /tmp/ccc5voKR.s:4409   .debug_str:00000000000001bc .LASF15
     /tmp/ccc5voKR.s:4729   .debug_str:0000000000000bab .LASF16
     /tmp/ccc5voKR.s:4455   .debug_str:0000000000000321 .LASF17
     /tmp/ccc5voKR.s:4721   .debug_str:0000000000000b7c .LASF18
     /tmp/ccc5voKR.s:4803   .debug_str:0000000000000e7a .LASF48
     /tmp/ccc5voKR.s:4789   .debug_str:0000000000000e2e .LASF108
     /tmp/ccc5voKR.s:4465   .debug_str:000000000000037f .LASF19
     /tmp/ccc5voKR.s:4753   .debug_str:0000000000000c47 .LASF20
     /tmp/ccc5voKR.s:4437   .debug_str:00000000000002c1 .LASF21
     /tmp/ccc5voKR.s:4581   .debug_str:00000000000006ee .LASF50
     /tmp/ccc5voKR.s:4779   .debug_str:0000000000000de2 .LASF52
     /tmp/ccc5voKR.s:4777   .debug_str:0000000000000dd9 .LASF22
     /tmp/ccc5voKR.s:4767   .debug_str:0000000000000d70 .LASF24
     /tmp/ccc5voKR.s:4683   .debug_str:0000000000000a51 .LASF26
     /tmp/ccc5voKR.s:4617   .debug_str:0000000000000837 .LASF28
     /tmp/ccc5voKR.s:4653   .debug_str:000000000000093e .LASF23
     /tmp/ccc5voKR.s:4661   .debug_str:0000000000000977 .LASF25
     /tmp/ccc5voKR.s:4607   .debug_str:00000000000007ee .LASF27
     /tmp/ccc5voKR.s:4543   .debug_str:00000000000005d4 .LASF29
     /tmp/ccc5voKR.s:4815   .debug_str:0000000000000ef4 .LASF30
     /tmp/ccc5voKR.s:4757   .debug_str:0000000000000d18 .LASF31
     /tmp/ccc5voKR.s:4601   .debug_str:00000000000007ac .LASF32
     /tmp/ccc5voKR.s:4615   .debug_str:0000000000000823 .LASF33
     /tmp/ccc5voKR.s:4725   .debug_str:0000000000000b97 .LASF34
     /tmp/ccc5voKR.s:4703   .debug_str:0000000000000aea .LASF35
     /tmp/ccc5voKR.s:4705   .debug_str:0000000000000afd .LASF36
     /tmp/ccc5voKR.s:4419   .debug_str:000000000000020c .LASF37
     /tmp/ccc5voKR.s:4451   .debug_str:0000000000000314 .LASF38
     /tmp/ccc5voKR.s:4511   .debug_str:00000000000004e7 .LASF39
     /tmp/ccc5voKR.s:4525   .debug_str:0000000000000544 .LASF40
     /tmp/ccc5voKR.s:4441   .debug_str:00000000000002d4 .LASF41
     /tmp/ccc5voKR.s:4375   .debug_str:00000000000000a8 .LASF42
     /tmp/ccc5voKR.s:4693   .debug_str:0000000000000a97 .LASF43
     /tmp/ccc5voKR.s:4685   .debug_str:0000000000000a5a .LASF44
     /tmp/ccc5voKR.s:4835   .debug_str:0000000000000f92 .LASF45
     /tmp/ccc5voKR.s:4805   .debug_str:0000000000000e80 .LASF46
     /tmp/ccc5voKR.s:4821   .debug_str:0000000000000f0b .LASF47
     /tmp/ccc5voKR.s:4799   .debug_str:0000000000000e5a .LASF63
     /tmp/ccc5voKR.s:4579   .debug_str:00000000000006d8 .LASF65
     /tmp/ccc5voKR.s:4463   .debug_str:0000000000000377 .LASF49
     /tmp/ccc5voKR.s:4403   .debug_str:0000000000000184 .LASF51
     /tmp/ccc5voKR.s:4655   .debug_str:0000000000000945 .LASF53
     /tmp/ccc5voKR.s:4477   .debug_str:00000000000003ed .LASF54
     /tmp/ccc5voKR.s:4491   .debug_str:000000000000044b .LASF56
     /tmp/ccc5voKR.s:4481   .debug_str:00000000000003fa .LASF55
     /tmp/ccc5voKR.s:4523   .debug_str:000000000000052f .LASF57
     /tmp/ccc5voKR.s:4515   .debug_str:0000000000000504 .LASF58
     /tmp/ccc5voKR.s:4577   .debug_str:00000000000006cc .LASF59
     /tmp/ccc5voKR.s:4695   .debug_str:0000000000000aaf .LASF60
     /tmp/ccc5voKR.s:4659   .debug_str:000000000000096d .LASF61
     /tmp/ccc5voKR.s:4639   .debug_str:00000000000008e4 .LASF62
     /tmp/ccc5voKR.s:4627   .debug_str:000000000000088e .LASF64
     /tmp/ccc5voKR.s:4377   .debug_str:00000000000000b3 .LASF66
     /tmp/ccc5voKR.s:4573   .debug_str:00000000000006b5 .LASF67
     /tmp/ccc5voKR.s:4401   .debug_str:000000000000017e .LASF68
     /tmp/ccc5voKR.s:4723   .debug_str:0000000000000b92 .LASF240
GAS LISTING /tmp/ccc5voKR.s 			page 23


     /tmp/ccc5voKR.s:4569   .debug_str:0000000000000698 .LASF69
     /tmp/ccc5voKR.s:4443   .debug_str:00000000000002e6 .LASF70
     /tmp/ccc5voKR.s:4769   .debug_str:0000000000000d85 .LASF71
     /tmp/ccc5voKR.s:4711   .debug_str:0000000000000b3d .LASF72
     /tmp/ccc5voKR.s:4611   .debug_str:0000000000000801 .LASF73
     /tmp/ccc5voKR.s:4637   .debug_str:00000000000008de .LASF74
     /tmp/ccc5voKR.s:4599   .debug_str:0000000000000797 .LASF75
     /tmp/ccc5voKR.s:4531   .debug_str:0000000000000571 .LASF76
     /tmp/ccc5voKR.s:4631   .debug_str:00000000000008a2 .LASF77
     /tmp/ccc5voKR.s:4509   .debug_str:00000000000004da .LASF78
     /tmp/ccc5voKR.s:4679   .debug_str:0000000000000a24 .LASF79
     /tmp/ccc5voKR.s:4781   .debug_str:0000000000000e03 .LASF80
     /tmp/ccc5voKR.s:4399   .debug_str:0000000000000169 .LASF81
     /tmp/ccc5voKR.s:4369   .debug_str:000000000000008c .LASF82
     /tmp/ccc5voKR.s:4807   .debug_str:0000000000000e8a .LASF83
     /tmp/ccc5voKR.s:4355   .debug_str:000000000000001b .LASF84
     /tmp/ccc5voKR.s:4485   .debug_str:000000000000040e .LASF85
     /tmp/ccc5voKR.s:4735   .debug_str:0000000000000bd4 .LASF86
     /tmp/ccc5voKR.s:4353   .debug_str:0000000000000000 .LASF87
     /tmp/ccc5voKR.s:4567   .debug_str:0000000000000680 .LASF88
     /tmp/ccc5voKR.s:4471   .debug_str:000000000000039e .LASF89
     /tmp/ccc5voKR.s:4697   .debug_str:0000000000000ac7 .LASF90
     /tmp/ccc5voKR.s:4415   .debug_str:00000000000001e0 .LASF91
     /tmp/ccc5voKR.s:4417   .debug_str:00000000000001fe .LASF92
     /tmp/ccc5voKR.s:4827   .debug_str:0000000000000f46 .LASF93
     /tmp/ccc5voKR.s:4749   .debug_str:0000000000000c2e .LASF94
     /tmp/ccc5voKR.s:4391   .debug_str:0000000000000138 .LASF95
     /tmp/ccc5voKR.s:4499   .debug_str:0000000000000480 .LASF96
     /tmp/ccc5voKR.s:4739   .debug_str:0000000000000be7 .LASF97
     /tmp/ccc5voKR.s:4483   .debug_str:0000000000000400 .LASF98
     /tmp/ccc5voKR.s:4359   .debug_str:000000000000002e .LASF241
     /tmp/ccc5voKR.s:4783   .debug_str:0000000000000e09 .LASF99
     /tmp/ccc5voKR.s:4449   .debug_str:0000000000000307 .LASF100
     /tmp/ccc5voKR.s:4519   .debug_str:000000000000051d .LASF101
     /tmp/ccc5voKR.s:4649   .debug_str:000000000000092c .LASF102
     /tmp/ccc5voKR.s:4553   .debug_str:0000000000000613 .LASF103
     /tmp/ccc5voKR.s:4787   .debug_str:0000000000000e23 .LASF104
     /tmp/ccc5voKR.s:4713   .debug_str:0000000000000b43 .LASF105
     /tmp/ccc5voKR.s:4741   .debug_str:0000000000000bf4 .LASF106
     /tmp/ccc5voKR.s:4797   .debug_str:0000000000000e51 .LASF107
     /tmp/ccc5voKR.s:4715   .debug_str:0000000000000b53 .LASF109
     /tmp/ccc5voKR.s:4651   .debug_str:0000000000000936 .LASF110
     /tmp/ccc5voKR.s:4439   .debug_str:00000000000002cd .LASF111
     /tmp/ccc5voKR.s:4357   .debug_str:0000000000000026 .LASF112
     /tmp/ccc5voKR.s:4493   .debug_str:0000000000000461 .LASF113
     /tmp/ccc5voKR.s:4547   .debug_str:00000000000005ec .LASF114
     /tmp/ccc5voKR.s:4397   .debug_str:0000000000000160 .LASF115
     /tmp/ccc5voKR.s:4737   .debug_str:0000000000000bdf .LASF167
     /tmp/ccc5voKR.s:4727   .debug_str:0000000000000b9e .LASF116
     /tmp/ccc5voKR.s:4813   .debug_str:0000000000000ed2 .LASF117
     /tmp/ccc5voKR.s:4623   .debug_str:0000000000000872 .LASF242
     /tmp/ccc5voKR.s:4819   .debug_str:0000000000000f01 .LASF118
     /tmp/ccc5voKR.s:4503   .debug_str:00000000000004a3 .LASF119
     /tmp/ccc5voKR.s:4667   .debug_str:00000000000009b3 .LASF120
     /tmp/ccc5voKR.s:4571   .debug_str:00000000000006a1 .LASF122
     /tmp/ccc5voKR.s:4559   .debug_str:0000000000000639 .LASF121
     /tmp/ccc5voKR.s:4665   .debug_str:000000000000099b .LASF123
GAS LISTING /tmp/ccc5voKR.s 			page 24


     /tmp/ccc5voKR.s:4657   .debug_str:0000000000000965 .LASF124
     /tmp/ccc5voKR.s:4575   .debug_str:00000000000006ba .LASF125
     /tmp/ccc5voKR.s:4811   .debug_str:0000000000000eba .LASF126
     /tmp/ccc5voKR.s:4587   .debug_str:000000000000071c .LASF127
     /tmp/ccc5voKR.s:4423   .debug_str:0000000000000232 .LASF128
     /tmp/ccc5voKR.s:4529   .debug_str:0000000000000552 .LASF129
     /tmp/ccc5voKR.s:4489   .debug_str:0000000000000439 .LASF130
     /tmp/ccc5voKR.s:4603   .debug_str:00000000000007b4 .LASF131
     /tmp/ccc5voKR.s:4447   .debug_str:00000000000002fc .LASF132
     /tmp/ccc5voKR.s:4719   .debug_str:0000000000000b66 .LASF133
     /tmp/ccc5voKR.s:4361   .debug_str:0000000000000037 .LASF134
     /tmp/ccc5voKR.s:4743   .debug_str:0000000000000bf9 .LASF135
     /tmp/ccc5voKR.s:4775   .debug_str:0000000000000dc5 .LASF136
     /tmp/ccc5voKR.s:4619   .debug_str:000000000000084c .LASF137
     /tmp/ccc5voKR.s:4773   .debug_str:0000000000000dba .LASF138
     /tmp/ccc5voKR.s:4475   .debug_str:00000000000003d5 .LASF139
     /tmp/ccc5voKR.s:4839   .debug_str:0000000000000fb7 .LASF140
     /tmp/ccc5voKR.s:4707   .debug_str:0000000000000b04 .LASF141
     /tmp/ccc5voKR.s:4445   .debug_str:00000000000002f3 .LASF142
     /tmp/ccc5voKR.s:4421   .debug_str:000000000000021f .LASF143
     /tmp/ccc5voKR.s:4563   .debug_str:0000000000000664 .LASF144
     /tmp/ccc5voKR.s:4379   .debug_str:00000000000000c9 .LASF145
     /tmp/ccc5voKR.s:4495   .debug_str:0000000000000469 .LASF146
     /tmp/ccc5voKR.s:4673   .debug_str:00000000000009e3 .LASF147
     /tmp/ccc5voKR.s:4837   .debug_str:0000000000000faa .LASF148
     /tmp/ccc5voKR.s:4497   .debug_str:0000000000000474 .LASF149
     /tmp/ccc5voKR.s:4365   .debug_str:0000000000000054 .LASF150
     /tmp/ccc5voKR.s:4613   .debug_str:0000000000000816 .LASF151
     /tmp/ccc5voKR.s:4823   .debug_str:0000000000000f21 .LASF243
     /tmp/ccc5voKR.s:4765   .debug_str:0000000000000d68 .LASF152
     /tmp/ccc5voKR.s:4407   .debug_str:00000000000001ad .LASF153
     /tmp/ccc5voKR.s:4833   .debug_str:0000000000000f8c .LASF154
     /tmp/ccc5voKR.s:4733   .debug_str:0000000000000bcf .LASF155
     /tmp/ccc5voKR.s:4759   .debug_str:0000000000000d2c .LASF156
     /tmp/ccc5voKR.s:4681   .debug_str:0000000000000a41 .LASF157
     /tmp/ccc5voKR.s:4629   .debug_str:0000000000000896 .LASF158
     /tmp/ccc5voKR.s:4467   .debug_str:000000000000038b .LASF159
     /tmp/ccc5voKR.s:4699   .debug_str:0000000000000ad5 .LASF160
     /tmp/ccc5voKR.s:4793   .debug_str:0000000000000e45 .LASF161
     /tmp/ccc5voKR.s:4597   .debug_str:000000000000078b .LASF162
     /tmp/ccc5voKR.s:4843   .debug_str:0000000000000fd9 .LASF163
     /tmp/ccc5voKR.s:4751   .debug_str:0000000000000c3f .LASF164
     /tmp/ccc5voKR.s:4663   .debug_str:000000000000098a .LASF165
     /tmp/ccc5voKR.s:4433   .debug_str:0000000000000299 .LASF173
     /tmp/ccc5voKR.s:4367   .debug_str:0000000000000064 .LASF174
     /tmp/ccc5voKR.s:4609   .debug_str:00000000000007f5 .LASF166
     /tmp/ccc5voKR.s:4795   .debug_str:0000000000000e4c .LASF168
     /tmp/ccc5voKR.s:4545   .debug_str:00000000000005e7 .LASF169
     /tmp/ccc5voKR.s:4413   .debug_str:00000000000001db .LASF170
     /tmp/ccc5voKR.s:4457   .debug_str:0000000000000337 .LASF171
     /tmp/ccc5voKR.s:4435   .debug_str:00000000000002a7 .LASF172
     /tmp/ccc5voKR.s:4427   .debug_str:0000000000000251 .LASF175
     /tmp/ccc5voKR.s:4387   .debug_str:000000000000011e .LASF176
     /tmp/ccc5voKR.s:4593   .debug_str:0000000000000767 .LASF177
     /tmp/ccc5voKR.s:4383   .debug_str:00000000000000f1 .LASF178
     /tmp/ccc5voKR.s:4731   .debug_str:0000000000000bb7 .LASF179
     /tmp/ccc5voKR.s:4691   .debug_str:0000000000000a8d .LASF196
GAS LISTING /tmp/ccc5voKR.s 			page 25


     /tmp/ccc5voKR.s:4763   .debug_str:0000000000000d50 .LASF218
     /tmp/ccc5voKR.s:4535   .debug_str:0000000000000591 .LASF180
     /tmp/ccc5voKR.s:4809   .debug_str:0000000000000ea5 .LASF181
     /tmp/ccc5voKR.s:4527   .debug_str:000000000000054a .LASF182
     /tmp/ccc5voKR.s:4461   .debug_str:000000000000035b .LASF183
     /tmp/ccc5voKR.s:4555   .debug_str:000000000000061e .LASF184
     /tmp/ccc5voKR.s:4595   .debug_str:000000000000076c .LASF185
     /tmp/ccc5voKR.s:4395   .debug_str:0000000000000157 .LASF186
     /tmp/ccc5voKR.s:4591   .debug_str:000000000000074b .LASF187
     /tmp/ccc5voKR.s:4453   .debug_str:000000000000031a .LASF188
     /tmp/ccc5voKR.s:4561   .debug_str:0000000000000646 .LASF189
     /tmp/ccc5voKR.s:4429   .debug_str:000000000000026c .LASF190
     /tmp/ccc5voKR.s:4801   .debug_str:0000000000000e64 .LASF191
     /tmp/ccc5voKR.s:4537   .debug_str:000000000000059e .LASF192
     /tmp/ccc5voKR.s:4761   .debug_str:0000000000000d36 .LASF193
     /tmp/ccc5voKR.s:4605   .debug_str:00000000000007d3 .LASF194
     /tmp/ccc5voKR.s:4431   .debug_str:0000000000000281 .LASF195
     /tmp/ccc5voKR.s:4689   .debug_str:0000000000000a73 .LASF206
     /tmp/ccc5voKR.s:4829   .debug_str:0000000000000f64 .LASF197
     /tmp/ccc5voKR.s:4385   .debug_str:0000000000000106 .LASF209
     /tmp/ccc5voKR.s:4507   .debug_str:00000000000004d3 .LASF244
     /tmp/ccc5voKR.s:4557   .debug_str:0000000000000626 .LASF198
     /tmp/ccc5voKR.s:4717   .debug_str:0000000000000b60 .LASF200
     /tmp/ccc5voKR.s:4645   .debug_str:000000000000090e .LASF199
     /tmp/ccc5voKR.s:4745   .debug_str:0000000000000c11 .LASF201
     /tmp/ccc5voKR.s:4633   .debug_str:00000000000008c0 .LASF202
     /tmp/ccc5voKR.s:4381   .debug_str:00000000000000db .LASF203
     /tmp/ccc5voKR.s:4625   .debug_str:0000000000000877 .LASF204
     /tmp/ccc5voKR.s:4539   .debug_str:00000000000005ad .LASF205
     /tmp/ccc5voKR.s:4671   .debug_str:00000000000009cd .LASF207
     /tmp/ccc5voKR.s:4647   .debug_str:0000000000000920 .LASF208
     /tmp/ccc5voKR.s:4565   .debug_str:000000000000066c .LASF210
     /tmp/ccc5voKR.s:4479   .debug_str:00000000000003f5 .LASF211
     /tmp/ccc5voKR.s:4371   .debug_str:0000000000000097 .LASF212
     /tmp/ccc5voKR.s:4841   .debug_str:0000000000000fc5 .LASF213
     /tmp/ccc5voKR.s:78     .text._ZN10IdleThreadD0Ev:0000000000000000 .LFB70
     /tmp/ccc5voKR.s:118    .text._ZN10IdleThreadD0Ev:000000000000004c .LFE70
     /tmp/ccc5voKR.s:4069   .debug_loc:0000000000000000 .LLST2
     /tmp/ccc5voKR.s:94     .text._ZN10IdleThreadD0Ev:0000000000000018 .LBB32
     /tmp/ccc5voKR.s:102    .text._ZN10IdleThreadD0Ev:000000000000002c .LBE32
     /tmp/ccc5voKR.s:4087   .debug_loc:000000000000004c .LLST3
     /tmp/ccc5voKR.s:100    .text._ZN10IdleThreadD0Ev:000000000000002c .LVL7
     /tmp/ccc5voKR.s:105    .text._ZN10IdleThreadD0Ev:0000000000000038 .LVL8
     /tmp/ccc5voKR.s:4389   .debug_str:0000000000000124 .LASF214
     /tmp/ccc5voKR.s:41     .text._ZN10IdleThreadD2Ev:0000000000000000 .LFB68
     /tmp/ccc5voKR.s:69     .text._ZN10IdleThreadD2Ev:0000000000000034 .LFE68
     /tmp/ccc5voKR.s:4098   .debug_loc:0000000000000082 .LLST1
     /tmp/ccc5voKR.s:58     .text._ZN10IdleThreadD2Ev:0000000000000024 .LVL4
     /tmp/ccc5voKR.s:4747   .debug_str:0000000000000c16 .LASF215
     /tmp/ccc5voKR.s:162    .text._ZN14KernelConsumerD0Ev:0000000000000000 .LFB66
     /tmp/ccc5voKR.s:202    .text._ZN14KernelConsumerD0Ev:000000000000004c .LFE66
     /tmp/ccc5voKR.s:4112   .debug_loc:00000000000000bb .LLST5
     /tmp/ccc5voKR.s:178    .text._ZN14KernelConsumerD0Ev:0000000000000018 .LBB35
     /tmp/ccc5voKR.s:186    .text._ZN14KernelConsumerD0Ev:000000000000002c .LBE35
     /tmp/ccc5voKR.s:4130   .debug_loc:0000000000000107 .LLST6
     /tmp/ccc5voKR.s:184    .text._ZN14KernelConsumerD0Ev:000000000000002c .LVL14
     /tmp/ccc5voKR.s:189    .text._ZN14KernelConsumerD0Ev:0000000000000038 .LVL15
GAS LISTING /tmp/ccc5voKR.s 			page 26


     /tmp/ccc5voKR.s:4771   .debug_str:0000000000000da2 .LASF216
     /tmp/ccc5voKR.s:125    .text._ZN14KernelConsumerD2Ev:0000000000000000 .LFB64
     /tmp/ccc5voKR.s:153    .text._ZN14KernelConsumerD2Ev:0000000000000034 .LFE64
     /tmp/ccc5voKR.s:4141   .debug_loc:000000000000013d .LLST4
     /tmp/ccc5voKR.s:142    .text._ZN14KernelConsumerD2Ev:0000000000000024 .LVL11
     /tmp/ccc5voKR.s:4791   .debug_str:0000000000000e3d .LASF217
     /tmp/ccc5voKR.s:4589   .debug_str:000000000000073f .LASF219
     /tmp/ccc5voKR.s:536    .text:00000000000001b0 .LFE56
     /tmp/ccc5voKR.s:4513   .debug_str:00000000000004f9 .LASF220
     /tmp/ccc5voKR.s:4393   .debug_str:000000000000014c .LASF221
     /tmp/ccc5voKR.s:4155   .debug_loc:0000000000000176 .LLST10
     /tmp/ccc5voKR.s:4643   .debug_str:00000000000008fa .LASF222
     /tmp/ccc5voKR.s:4170   .debug_loc:00000000000001bf .LLST11
     /tmp/ccc5voKR.s:4521   .debug_str:0000000000000527 .LASF223
     /tmp/ccc5voKR.s:4185   .debug_loc:0000000000000208 .LLST12
     /tmp/ccc5voKR.s:334    .text:0000000000000058 .LBB45
     /tmp/ccc5voKR.s:344    .text:000000000000006c .LBE45
     /tmp/ccc5voKR.s:4192   .debug_loc:000000000000022b .LLST13
     /tmp/ccc5voKR.s:338    .text:0000000000000060 .LVL27
     /tmp/ccc5voKR.s:359    .text:000000000000008c .LBB47
     /tmp/ccc5voKR.s:369    .text:00000000000000a0 .LBE47
     /tmp/ccc5voKR.s:4207   .debug_loc:0000000000000274 .LLST14
     /tmp/ccc5voKR.s:363    .text:0000000000000094 .LVL31
     /tmp/ccc5voKR.s:428    .text:0000000000000138 .LBB49
     /tmp/ccc5voKR.s:437    .text:0000000000000144 .LBE49
     /tmp/ccc5voKR.s:4218   .debug_loc:00000000000002aa .LLST15
     /tmp/ccc5voKR.s:439    .text:0000000000000144 .LBB51
     /tmp/ccc5voKR.s:447    .text:000000000000014c .LBE51
     /tmp/ccc5voKR.s:4225   .debug_loc:00000000000002cd .LLST16
     /tmp/ccc5voKR.s:4233   .debug_loc:00000000000002f1 .LLST17
     /tmp/ccc5voKR.s:464    .text:0000000000000170 .LBB53
     /tmp/ccc5voKR.s:478    .text:0000000000000178 .LBE53
     /tmp/ccc5voKR.s:4240   .debug_loc:0000000000000314 .LLST18
     /tmp/ccc5voKR.s:486    .text:0000000000000184 .LBB55
     /tmp/ccc5voKR.s:501    .text:000000000000018c .LBE55
     /tmp/ccc5voKR.s:504    .text:000000000000018c .LBB57
     /tmp/ccc5voKR.s:515    .text:0000000000000190 .LBE57
     /tmp/ccc5voKR.s:4248   .debug_loc:0000000000000338 .LLST19
     /tmp/ccc5voKR.s:315    .text:0000000000000030 .LVL23
     /tmp/ccc5voKR.s:319    .text:0000000000000038 .LVL24
     /tmp/ccc5voKR.s:325    .text:0000000000000044 .LVL25
     /tmp/ccc5voKR.s:350    .text:0000000000000078 .LVL29
     /tmp/ccc5voKR.s:375    .text:00000000000000ac .LVL33
     /tmp/ccc5voKR.s:382    .text:00000000000000c4 .LVL34
     /tmp/ccc5voKR.s:391    .text:00000000000000d8 .LVL36
     /tmp/ccc5voKR.s:395    .text:00000000000000e4 .LVL37
     /tmp/ccc5voKR.s:402    .text:00000000000000f4 .LVL39
     /tmp/ccc5voKR.s:405    .text:0000000000000100 .LVL40
     /tmp/ccc5voKR.s:412    .text:0000000000000110 .LVL42
     /tmp/ccc5voKR.s:415    .text:000000000000011c .LVL43
     /tmp/ccc5voKR.s:423    .text:0000000000000134 .LVL44
     /tmp/ccc5voKR.s:452    .text:0000000000000158 .LVL48
     /tmp/ccc5voKR.s:457    .text:0000000000000164 .LVL49
     /tmp/ccc5voKR.s:462    .text:0000000000000170 .LVL50
     /tmp/ccc5voKR.s:483    .text:0000000000000184 .LVL53
     /tmp/ccc5voKR.s:4405   .debug_str:0000000000000195 .LASF224
     /tmp/ccc5voKR.s:4677   .debug_str:0000000000000a10 .LASF225
GAS LISTING /tmp/ccc5voKR.s 			page 27


     /tmp/ccc5voKR.s:209    .text._ZN14KernelConsumer3runEv:0000000000000000 .LFB55
     /tmp/ccc5voKR.s:277    .text._ZN14KernelConsumer3runEv:000000000000005c .LFE55
     /tmp/ccc5voKR.s:4256   .debug_loc:000000000000035c .LLST7
     /tmp/ccc5voKR.s:4270   .debug_loc:0000000000000395 .LLST8
     /tmp/ccc5voKR.s:226    .text._ZN14KernelConsumer3runEv:0000000000000014 .LBB38
     /tmp/ccc5voKR.s:236    .text._ZN14KernelConsumer3runEv:0000000000000024 .LBE38
     /tmp/ccc5voKR.s:4281   .debug_loc:00000000000003cb .LLST9
     /tmp/ccc5voKR.s:238    .text._ZN14KernelConsumer3runEv:0000000000000024 .LBB40
     /tmp/ccc5voKR.s:242    .text._ZN14KernelConsumer3runEv:0000000000000024 .LBE40
     /tmp/ccc5voKR.s:261    .text._ZN14KernelConsumer3runEv:0000000000000040 .LBB42
     /tmp/ccc5voKR.s:270    .text._ZN14KernelConsumer3runEv:0000000000000050 .LBE42
     /tmp/ccc5voKR.s:248    .text._ZN14KernelConsumer3runEv:0000000000000038 .LVL21
     /tmp/ccc5voKR.s:257    .text._ZN14KernelConsumer3runEv:0000000000000040 .LVL22
     /tmp/ccc5voKR.s:11     .text._ZN10IdleThread3runEv:0000000000000000 .LFB54
     /tmp/ccc5voKR.s:34     .text._ZN10IdleThread3runEv:000000000000001c .LFE54
     /tmp/ccc5voKR.s:4288   .debug_loc:00000000000003ee .LLST0
     /tmp/ccc5voKR.s:30     .text._ZN10IdleThread3runEv:0000000000000018 .LVL2
     /tmp/ccc5voKR.s:4549   .debug_str:00000000000005f5 .LASF226
     /tmp/ccc5voKR.s:4817   .debug_str:0000000000000efc .LASF227
     /tmp/ccc5voKR.s:4583   .debug_str:0000000000000702 .LASF228
     /tmp/ccc5voKR.s:4621   .debug_str:000000000000086b .LASF229
     /tmp/ccc5voKR.s:4469   .debug_str:0000000000000398 .LASF230
     /tmp/ccc5voKR.s:4825   .debug_str:0000000000000f37 .LASF245
     /tmp/ccc5voKR.s:4831   .debug_str:0000000000000f74 .LASF246
     /tmp/ccc5voKR.s:4845   .debug_str:0000000000000fe8 .LASF231
     /tmp/ccc5voKR.s:4785   .debug_str:0000000000000e15 .LASF232
     /tmp/ccc5voKR.s:4675   .debug_str:00000000000009fb .LASF233
     /tmp/ccc5voKR.s:4505   .debug_str:00000000000004c8 .LASF234
     /tmp/ccc5voKR.s:4585   .debug_str:0000000000000707 .LASF235
     /tmp/ccc5voKR.s:4669   .debug_str:00000000000009bd .LASF236
     /tmp/ccc5voKR.s:81     .text._ZN10IdleThreadD0Ev:0000000000000000 .LVL5
     /tmp/ccc5voKR.s:113    .text._ZN10IdleThreadD0Ev:0000000000000044 .LVL9
     /tmp/ccc5voKR.s:93     .text._ZN10IdleThreadD0Ev:0000000000000018 .LVL6
     /tmp/ccc5voKR.s:44     .text._ZN10IdleThreadD2Ev:0000000000000000 .LVL3
     /tmp/ccc5voKR.s:165    .text._ZN14KernelConsumerD0Ev:0000000000000000 .LVL12
     /tmp/ccc5voKR.s:197    .text._ZN14KernelConsumerD0Ev:0000000000000044 .LVL16
     /tmp/ccc5voKR.s:177    .text._ZN14KernelConsumerD0Ev:0000000000000018 .LVL13
     /tmp/ccc5voKR.s:128    .text._ZN14KernelConsumerD2Ev:0000000000000000 .LVL10
     /tmp/ccc5voKR.s:342    .text:000000000000006c .LVL28
     /tmp/ccc5voKR.s:385    .text:00000000000000c8 .LVL35
     /tmp/ccc5voKR.s:398    .text:00000000000000e8 .LVL38
     /tmp/ccc5voKR.s:528    .text:00000000000001a4 .LVL56
     /tmp/ccc5voKR.s:367    .text:00000000000000a0 .LVL32
     /tmp/ccc5voKR.s:408    .text:0000000000000104 .LVL41
     /tmp/ccc5voKR.s:470    .text:0000000000000174 .LVL51
     /tmp/ccc5voKR.s:531    .text:00000000000001a8 .LVL57
     /tmp/ccc5voKR.s:332    .text:0000000000000058 .LVL26
     /tmp/ccc5voKR.s:357    .text:000000000000008c .LVL30
     /tmp/ccc5voKR.s:427    .text:0000000000000138 .LVL45
     /tmp/ccc5voKR.s:435    .text:0000000000000144 .LVL46
     /tmp/ccc5voKR.s:445    .text:000000000000014c .LVL47
     /tmp/ccc5voKR.s:475    .text:0000000000000178 .LVL52
     /tmp/ccc5voKR.s:503    .text:000000000000018c .LVL54
     /tmp/ccc5voKR.s:512    .text:0000000000000190 .LVL55
     /tmp/ccc5voKR.s:212    .text._ZN14KernelConsumer3runEv:0000000000000000 .LVL17
     /tmp/ccc5voKR.s:222    .text._ZN14KernelConsumer3runEv:0000000000000014 .LVL18
     /tmp/ccc5voKR.s:246    .text._ZN14KernelConsumer3runEv:0000000000000030 .LVL20
GAS LISTING /tmp/ccc5voKR.s 			page 28


     /tmp/ccc5voKR.s:234    .text._ZN14KernelConsumer3runEv:0000000000000024 .LVL19
     /tmp/ccc5voKR.s:15     .text._ZN10IdleThread3runEv:0000000000000000 .LVL0
     /tmp/ccc5voKR.s:24     .text._ZN10IdleThread3runEv:0000000000000010 .LVL1
     /tmp/ccc5voKR.s:604    .debug_info:0000000000000000 .Ldebug_info0
     /tmp/ccc5voKR.s:5      .text:0000000000000000 .Ltext0
     /tmp/ccc5voKR.s:597    .text:00000000000001b0 .Letext0
     /tmp/ccc5voKR.s:224    .text._ZN14KernelConsumer3runEv:0000000000000014 .LBB37
     /tmp/ccc5voKR.s:249    .text._ZN14KernelConsumer3runEv:0000000000000038 .LBE37
     /tmp/ccc5voKR.s:253    .text._ZN14KernelConsumer3runEv:0000000000000038 .LBB44
     /tmp/ccc5voKR.s:275    .text._ZN14KernelConsumer3runEv:000000000000005c .LBE44
     /tmp/ccc5voKR.s:539    .gcc_except_table:0000000000000000 .LLSDA56
                           .group:0000000000000000 _ZN10IdleThreadD5Ev
                           .group:0000000000000000 _ZN14KernelConsumerD5Ev

UNDEFINED SYMBOLS
_Z15thread_dispatchv
_ZN6ThreadD2Ev
_ZdlPv
_ZN8KConsole2drE
_ZN8KConsole20outputBufferHasSpaceE
_Z10sem_signalP4KSem
_ZN8KConsole13getFromOutputEv
_ZN8KConsole2srE
interruptHandler
_ZN7KMemory16initializeMemoryEv
_ZN8KConsole12initKConsoleEv
_Znwm
_ZN6ThreadC2Ev
_Z8userMainv
_ZN6ThreadC1EPFvPvES0_
_Unwind_Resume
main
_Z13thread_createPP3TCBPFvPvES2_
_ZN3TCB7runningE
_ZN6Thread5startEv
_ZN6Thread4joinEv
__gxx_personality_v0
